#
# There is insufficient memory for the Java Runtime Environment to continue.
# Native memory allocation (mmap) failed to map 63963136 bytes for committing reserved memory.
# Possible reasons:
#   The system is out of physical RAM or swap space
#   In 32 bit mode, the process size limit was hit
# Possible solutions:
#   Reduce memory load on the system
#   Increase physical memory or swap space
#   Check if swap backing store is full
#   Use 64 bit Java on a 64 bit OS
#   Decrease Java heap size (-Xmx/-Xms)
#   Decrease number of Java threads
#   Decrease Java thread stack sizes (-Xss)
#   Set larger code cache with -XX:ReservedCodeCacheSize=
# This output file may be truncated or incomplete.
#
#  Out of Memory Error (os_linux.cpp:2673), pid=8605, tid=139620151953152
#
# JRE version: Java(TM) SE Runtime Environment (8.0_51-b16) (build 1.8.0_51-b16)
# Java VM: Java HotSpot(TM) 64-Bit Server VM (25.51-b03 mixed mode linux-amd64 compressed oops)
# Failed to write core dump. Core dumps have been disabled. To enable core dumping, try "ulimit -c unlimited" before starting Java again
#

---------------  T H R E A D  ---------------

Current thread (0x00007efbf0078000):  VMThread [stack: 0x00007efbd97f8000,0x00007efbd98f9000] [id=8616]

Stack: [0x00007efbd97f8000,0x00007efbd98f9000],  sp=0x00007efbd98f7260,  free space=1020k
Native frames: (J=compiled Java code, j=interpreted, Vv=VM code, C=native code)
V  [libjvm.so+0xaaccfa]  VMError::report_and_die()+0x2ba
V  [libjvm.so+0x4f333b]  report_vm_out_of_memory(char const*, int, unsigned long, VMErrorType, char const*)+0x8b
V  [libjvm.so+0x90ea23]  os::Linux::commit_memory_impl(char*, unsigned long, bool)+0x103
V  [libjvm.so+0x90ef79]  os::pd_commit_memory(char*, unsigned long, unsigned long, bool)+0x29
V  [libjvm.so+0x9088da]  os::commit_memory(char*, unsigned long, unsigned long, bool)+0x2a
V  [libjvm.so+0x97bd23]  PSVirtualSpace::expand_by(unsigned long)+0x53
V  [libjvm.so+0x97d128]  PSYoungGen::resize_generation(unsigned long, unsigned long)+0xf8
V  [libjvm.so+0x97c282]  PSYoungGen::resize(unsigned long, unsigned long)+0x22
V  [libjvm.so+0x97955b]  PSScavenge::invoke_no_policy()+0xf7b
V  [libjvm.so+0x979ce1]  PSScavenge::invoke()+0x41
V  [libjvm.so+0x9322b0]  ParallelScavengeHeap::failed_mem_allocate(unsigned long)+0x70
V  [libjvm.so+0xaae537]  VM_ParallelGCFailedAllocation::doit()+0x97
V  [libjvm.so+0xab5d25]  VM_Operation::evaluate()+0x55
V  [libjvm.so+0xab40fa]  VMThread::evaluate_operation(VM_Operation*)+0xba
V  [libjvm.so+0xab447e]  VMThread::loop()+0x1ce
V  [libjvm.so+0xab48f0]  VMThread::run()+0x70
V  [libjvm.so+0x911048]  java_start(Thread*)+0x108

VM_Operation (0x00007efbf7fd7d70): ParallelGCFailedAllocation, mode: safepoint, requested by thread 0x00007efbf000a800


---------------  P R O C E S S  ---------------

Java Threads: ( => current thread )
  0x00007efbf00c8000 JavaThread "Service Thread" daemon [_thread_blocked, id=8623, stack(0x00007efbd8a0f000,0x00007efbd8b10000)]
  0x00007efbf00bb000 JavaThread "C1 CompilerThread2" daemon [_thread_blocked, id=8622, stack(0x00007efbd8b10000,0x00007efbd8c11000)]
  0x00007efbf00b9000 JavaThread "C2 CompilerThread1" daemon [_thread_blocked, id=8621, stack(0x00007efbd8c11000,0x00007efbd8d12000)]
  0x00007efbf00b6000 JavaThread "C2 CompilerThread0" daemon [_thread_blocked, id=8620, stack(0x00007efbd8d12000,0x00007efbd8e13000)]
  0x00007efbf00b5000 JavaThread "Signal Dispatcher" daemon [_thread_blocked, id=8619, stack(0x00007efbd8e13000,0x00007efbd8f14000)]
  0x00007efbf007f000 JavaThread "Finalizer" daemon [_thread_blocked, id=8618, stack(0x00007efbd95f6000,0x00007efbd96f7000)]
  0x00007efbf007d000 JavaThread "Reference Handler" daemon [_thread_blocked, id=8617, stack(0x00007efbd96f7000,0x00007efbd97f8000)]
  0x00007efbf000a800 JavaThread "main" [_thread_blocked, id=8611, stack(0x00007efbf7ed9000,0x00007efbf7fda000)]

Other Threads:
=>0x00007efbf0078000 VMThread [stack: 0x00007efbd97f8000,0x00007efbd98f9000] [id=8616]
  0x00007efbf00ca800 WatcherThread [stack: 0x00007efbd890e000,0x00007efbd8a0f000] [id=8624]

VM state:at safepoint (normal execution)

VM Mutex/Monitor currently owned by a thread:  ([mutex/lock_event])
[0x00007efbf0006890] Threads_lock - owner thread: 0x00007efbf0078000
[0x00007efbf0006d90] Heap_lock - owner thread: 0x00007efbf000a800

Heap:
 PSYoungGen      total 30720K, used 2034K [0x00000000eab00000, 0x00000000ecb00000, 0x0000000100000000)
  eden space 28672K, 0% used [0x00000000eab00000,0x00000000eab00000,0x00000000ec700000)
  from space 2048K, 99% used [0x00000000ec700000,0x00000000ec8fc8a0,0x00000000ec900000)
  to   space 2048K, 0% used [0x00000000ec900000,0x00000000ec900000,0x00000000ecb00000)
 ParOldGen       total 36864K, used 33869K [0x00000000c0000000, 0x00000000c2400000, 0x00000000eab00000)
  object space 36864K, 91% used [0x00000000c0000000,0x00000000c2113648,0x00000000c2400000)
 Metaspace       used 7333K, capacity 7672K, committed 7936K, reserved 1056768K
  class space    used 747K, capacity 752K, committed 768K, reserved 1048576K

Card table byte_map: [0x00007efbf4ab5000,0x00007efbf4cb6000] byte_map_base: 0x00007efbf44b5000

Marking Bits: (ParMarkBitMap*) 0x00007efbf73b4660
 Begin Bits: [0x00007efbda000000, 0x00007efbdb000000)
 End Bits:   [0x00007efbdb000000, 0x00007efbdc000000)

Polling page: 0x00007efbf7ffb000

CodeCache: size=245760Kb used=5998Kb max_used=6003Kb free=239761Kb
 bounds [0x00007efbe1000000, 0x00007efbe15f0000, 0x00007efbf0000000]
 total_blobs=2147 nmethods=1853 adapters=208
 compilation: enabled

Compilation events (10 events):
Event: 4.617 Thread 0x00007efbf00bb000 1893       2       com.android.dx.io.instructions.AddressMap::get (28 bytes)
Event: 4.618 Thread 0x00007efbf00bb000 nmethod 1893 0x00007efbe15df910 code [0x00007efbe15dfa80, 0x00007efbe15dfd08]
Event: 4.620 Thread 0x00007efbf00b9000 nmethod 1870 0x00007efbe15dda10 code [0x00007efbe15ddba0, 0x00007efbe15ddef8]
Event: 4.621 Thread 0x00007efbf00b9000 1875 %     4       com.android.dex.Dex$Section::write @ 8 (33 bytes)
Event: 4.644 Thread 0x00007efbf00b9000 nmethod 1875% 0x00007efbe15dced0 code [0x00007efbe15dd040, 0x00007efbe15dd618]
Event: 4.644 Thread 0x00007efbf00b9000 1877       4       com.android.dx.io.instructions.InstructionCodec$25::decode (7 bytes)
Event: 4.646 Thread 0x00007efbf00bb000 1895       2       com.android.dx.merge.DexMerger::transformCode (252 bytes)
Event: 4.649 Thread 0x00007efbf00bb000 nmethod 1895 0x00007efbe15e32d0 code [0x00007efbe15e3560, 0x00007efbe15e3c98]
Event: 4.652 Thread 0x00007efbf00bb000 1897       2       com.android.dx.io.instructions.InstructionCodec$23::encode (37 bytes)
Event: 4.653 Thread 0x00007efbf00bb000 nmethod 1897 0x00007efbe15df1d0 code [0x00007efbe15df360, 0x00007efbe15df618]

GC Heap History (9 events):
Event: 2.692 GC heap before
{Heap before GC invocations=1 (full 0):
 PSYoungGen      total 16384K, used 14336K [0x00000000eab00000, 0x00000000ebd00000, 0x0000000100000000)
  eden space 14336K, 100% used [0x00000000eab00000,0x00000000eb900000,0x00000000eb900000)
  from space 2048K, 0% used [0x00000000ebb00000,0x00000000ebb00000,0x00000000ebd00000)
  to   space 2048K, 0% used [0x00000000eb900000,0x00000000eb900000,0x00000000ebb00000)
 ParOldGen       total 36864K, used 0K [0x00000000c0000000, 0x00000000c2400000, 0x00000000eab00000)
  object space 36864K, 0% used [0x00000000c0000000,0x00000000c0000000,0x00000000c2400000)
 Metaspace       used 5315K, capacity 6704K, committed 6784K, reserved 1056768K
  class space    used 542K, capacity 616K, committed 640K, reserved 1048576K
Event: 2.731 GC heap after
Heap after GC invocations=1 (full 0):
 PSYoungGen      total 16384K, used 2018K [0x00000000eab00000, 0x00000000ecb00000, 0x0000000100000000)
  eden space 14336K, 0% used [0x00000000eab00000,0x00000000eab00000,0x00000000eb900000)
  from space 2048K, 98% used [0x00000000eb900000,0x00000000ebaf88d0,0x00000000ebb00000)
  to   space 2048K, 0% used [0x00000000ec900000,0x00000000ec900000,0x00000000ecb00000)
 ParOldGen       total 36864K, used 2039K [0x00000000c0000000, 0x00000000c2400000, 0x00000000eab00000)
  object space 36864K, 5% used [0x00000000c0000000,0x00000000c01fde80,0x00000000c2400000)
 Metaspace       used 5315K, capacity 6704K, committed 6784K, reserved 1056768K
  class space    used 542K, capacity 616K, committed 640K, reserved 1048576K
}
Event: 3.858 GC heap before
{Heap before GC invocations=2 (full 0):
 PSYoungGen      total 16384K, used 16354K [0x00000000eab00000, 0x00000000ecb00000, 0x0000000100000000)
  eden space 14336K, 100% used [0x00000000eab00000,0x00000000eb900000,0x00000000eb900000)
  from space 2048K, 98% used [0x00000000eb900000,0x00000000ebaf88d0,0x00000000ebb00000)
  to   space 2048K, 0% used [0x00000000ec900000,0x00000000ec900000,0x00000000ecb00000)
 ParOldGen       total 36864K, used 2039K [0x00000000c0000000, 0x00000000c2400000, 0x00000000eab00000)
  object space 36864K, 5% used [0x00000000c0000000,0x00000000c01fde80,0x00000000c2400000)
 Metaspace       used 7171K, capacity 7544K, committed 7680K, reserved 1056768K
  class space    used 746K, capacity 752K, committed 768K, reserved 1048576K
Event: 3.868 GC heap after
Heap after GC invocations=2 (full 0):
 PSYoungGen      total 16384K, used 2019K [0x00000000eab00000, 0x00000000ecb00000, 0x0000000100000000)
  eden space 14336K, 0% used [0x00000000eab00000,0x00000000eab00000,0x00000000eb900000)
  from space 2048K, 98% used [0x00000000ec900000,0x00000000ecaf8f48,0x00000000ecb00000)
  to   space 2048K, 0% used [0x00000000eb900000,0x00000000eb900000,0x00000000ebb00000)
 ParOldGen       total 36864K, used 6104K [0x00000000c0000000, 0x00000000c2400000, 0x00000000eab00000)
  object space 36864K, 16% used [0x00000000c0000000,0x00000000c05f6340,0x00000000c2400000)
 Metaspace       used 7171K, capacity 7544K, committed 7680K, reserved 1056768K
  class space    used 746K, capacity 752K, committed 768K, reserved 1048576K
}
Event: 4.184 GC heap before
{Heap before GC invocations=3 (full 0):
 PSYoungGen      total 16384K, used 15645K [0x00000000eab00000, 0x00000000ecb00000, 0x0000000100000000)
  eden space 14336K, 95% used [0x00000000eab00000,0x00000000eb84e608,0x00000000eb900000)
  from space 2048K, 98% used [0x00000000ec900000,0x00000000ecaf8f48,0x00000000ecb00000)
  to   space 2048K, 0% used [0x00000000eb900000,0x00000000eb900000,0x00000000ebb00000)
 ParOldGen       total 36864K, used 6104K [0x00000000c0000000, 0x00000000c2400000, 0x00000000eab00000)
  object space 36864K, 16% used [0x00000000c0000000,0x00000000c05f6340,0x00000000c2400000)
 Metaspace       used 7287K, capacity 7672K, committed 7936K, reserved 1056768K
  class space    used 746K, capacity 752K, committed 768K, reserved 1048576K
Event: 4.193 GC heap after
Heap after GC invocations=3 (full 0):
 PSYoungGen      total 16384K, used 2034K [0x00000000eab00000, 0x00000000ecb00000, 0x0000000100000000)
  eden space 14336K, 0% used [0x00000000eab00000,0x00000000eab00000,0x00000000eb900000)
  from space 2048K, 99% used [0x00000000eb900000,0x00000000ebafc8a0,0x00000000ebb00000)
  to   space 2048K, 0% used [0x00000000ec900000,0x00000000ec900000,0x00000000ecb00000)
 ParOldGen       total 36864K, used 8511K [0x00000000c0000000, 0x00000000c2400000, 0x00000000eab00000)
  object space 36864K, 23% used [0x00000000c0000000,0x00000000c084fca0,0x00000000c2400000)
 Metaspace       used 7287K, capacity 7672K, committed 7936K, reserved 1056768K
  class space    used 746K, capacity 752K, committed 768K, reserved 1048576K
}
Event: 4.359 GC heap before
{Heap before GC invocations=4 (full 0):
 PSYoungGen      total 16384K, used 16370K [0x00000000eab00000, 0x00000000ecb00000, 0x0000000100000000)
  eden space 14336K, 100% used [0x00000000eab00000,0x00000000eb900000,0x00000000eb900000)
  from space 2048K, 99% used [0x00000000eb900000,0x00000000ebafc8a0,0x00000000ebb00000)
  to   space 2048K, 0% used [0x00000000ec900000,0x00000000ec900000,0x00000000ecb00000)
 ParOldGen       total 36864K, used 8511K [0x00000000c0000000, 0x00000000c2400000, 0x00000000eab00000)
  object space 36864K, 23% used [0x00000000c0000000,0x00000000c084fca0,0x00000000c2400000)
 Metaspace       used 7307K, capacity 7672K, committed 7936K, reserved 1056768K
  class space    used 746K, capacity 752K, committed 768K, reserved 1048576K
Event: 4.375 GC heap after
Heap after GC invocations=4 (full 0):
 PSYoungGen      total 30720K, used 2034K [0x00000000eab00000, 0x00000000ecb00000, 0x0000000100000000)
  eden space 28672K, 0% used [0x00000000eab00000,0x00000000eab00000,0x00000000ec700000)
  from space 2048K, 99% used [0x00000000ec900000,0x00000000ecafc8a0,0x00000000ecb00000)
  to   space 2048K, 0% used [0x00000000ec700000,0x00000000ec700000,0x00000000ec900000)
 ParOldGen       total 36864K, used 15836K [0x00000000c0000000, 0x00000000c2400000, 0x00000000eab00000)
  object space 36864K, 42% used [0x00000000c0000000,0x00000000c0f77378,0x00000000c2400000)
 Metaspace       used 7307K, capacity 7672K, committed 7936K, reserved 1056768K
  class space    used 746K, capacity 752K, committed 768K, reserved 1048576K
}
Event: 4.659 GC heap before
{Heap before GC invocations=5 (full 0):
 PSYoungGen      total 30720K, used 30706K [0x00000000eab00000, 0x00000000ecb00000, 0x0000000100000000)
  eden space 28672K, 100% used [0x00000000eab00000,0x00000000ec700000,0x00000000ec700000)
  from space 2048K, 99% used [0x00000000ec900000,0x00000000ecafc8a0,0x00000000ecb00000)
  to   space 2048K, 0% used [0x00000000ec700000,0x00000000ec700000,0x00000000ec900000)
 ParOldGen       total 36864K, used 15836K [0x00000000c0000000, 0x00000000c2400000, 0x00000000eab00000)
  object space 36864K, 42% used [0x00000000c0000000,0x00000000c0f77378,0x00000000c2400000)
 Metaspace       used 7333K, capacity 7672K, committed 7936K, reserved 1056768K
  class space    used 747K, capacity 752K, committed 768K, reserved 1048576K

Deoptimization events (10 events):
Event: 3.233 Thread 0x00007efbf000a800 Uncommon trap: reason=class_check action=maybe_recompile pc=0x00007efbe13eec4c method=java.util.HashMap.putVal(ILjava/lang/Object;Ljava/lang/Object;ZZ)Ljava/lang/Object; @ 56
Event: 3.439 Thread 0x00007efbf000a800 Uncommon trap: reason=unstable_if action=reinterpret pc=0x00007efbe14595d0 method=java.util.HashMap.putVal(ILjava/lang/Object;Ljava/lang/Object;ZZ)Ljava/lang/Object; @ 162
Event: 3.623 Thread 0x00007efbf000a800 Uncommon trap: reason=unstable_if action=reinterpret pc=0x00007efbe1461778 method=sun.misc.MetaIndex.mayContain(Ljava/lang/String;)Z @ 13
Event: 3.920 Thread 0x00007efbf000a800 Uncommon trap: reason=predicate action=maybe_recompile pc=0x00007efbe14d2918 method=com.android.dex.Leb128.readUnsignedLeb128(Lcom/android/dex/util/ByteInput;)I @ 41
Event: 3.943 Thread 0x00007efbf000a800 Uncommon trap: reason=unstable_if action=reinterpret pc=0x00007efbe1455f5c method=java.util.HashMap.getNode(ILjava/lang/Object;)Ljava/util/HashMap$Node; @ 84
Event: 3.953 Thread 0x00007efbf000a800 Uncommon trap: reason=unstable_if action=reinterpret pc=0x00007efbe14477b4 method=java.util.HashMap.getNode(ILjava/lang/Object;)Ljava/util/HashMap$Node; @ 84
Event: 4.023 Thread 0x00007efbf000a800 Uncommon trap: reason=unstable_if action=reinterpret pc=0x00007efbe151b194 method=com.android.dex.Mutf8.decode(Lcom/android/dex/util/ByteInput;[C)Ljava/lang/String; @ 37
Event: 4.023 Thread 0x00007efbf000a800 Uncommon trap: reason=unstable_if action=reinterpret pc=0x00007efbe14872dc method=com.android.dex.Mutf8.countBytes(Ljava/lang/String;Z)J @ 28
Event: 4.023 Thread 0x00007efbf000a800 Uncommon trap: reason=unstable_if action=reinterpret pc=0x00007efbe1484868 method=com.android.dex.Mutf8.encode([BILjava/lang/String;)V @ 24
Event: 4.198 Thread 0x00007efbf000a800 Uncommon trap: reason=unstable_if action=reinterpret pc=0x00007efbe1493e6c method=com.android.dex.Mutf8.decode(Lcom/android/dex/util/ByteInput;[C)Ljava/lang/String; @ 37

Internal exceptions (6 events):
Event: 0.838 Thread 0x00007efbf000a800 Exception <a 'java/lang/NoSuchMethodError': Method sun.misc.Unsafe.defineClass(Ljava/lang/String;[BII)Ljava/lang/Class; name or signature does not match> (0x00000000eab12898) thrown at [/HUDSON/workspace/8-2-build-linux-amd64/jdk8u51/3951/hotspot/src/shar
Event: 0.838 Thread 0x00007efbf000a800 Exception <a 'java/lang/NoSuchMethodError': Method sun.misc.Unsafe.prefetchRead(Ljava/lang/Object;J)V name or signature does not match> (0x00000000eab12b28) thrown at [/HUDSON/workspace/8-2-build-linux-amd64/jdk8u51/3951/hotspot/src/share/vm/prims/jni.cpp
Event: 3.624 Thread 0x00007efbf000a800 Exception <a 'java/security/PrivilegedActionException'> (0x00000000eb824b90) thrown at [/HUDSON/workspace/8-2-build-linux-amd64/jdk8u51/3951/hotspot/src/share/vm/prims/jvm.cpp, line 1382]
Event: 3.624 Thread 0x00007efbf000a800 Exception <a 'java/security/PrivilegedActionException'> (0x00000000eb824ed8) thrown at [/HUDSON/workspace/8-2-build-linux-amd64/jdk8u51/3951/hotspot/src/share/vm/prims/jvm.cpp, line 1382]
Event: 3.625 Thread 0x00007efbf000a800 Exception <a 'java/security/PrivilegedActionException'> (0x00000000eb827588) thrown at [/HUDSON/workspace/8-2-build-linux-amd64/jdk8u51/3951/hotspot/src/share/vm/prims/jvm.cpp, line 1382]
Event: 3.625 Thread 0x00007efbf000a800 Exception <a 'java/security/PrivilegedActionException'> (0x00000000eb8278d0) thrown at [/HUDSON/workspace/8-2-build-linux-amd64/jdk8u51/3951/hotspot/src/share/vm/prims/jvm.cpp, line 1382]

Events (10 events):
Event: 4.582 Thread 0x00007efbf000a800 DEOPT UNPACKING pc=0x00007efbe1047233 sp=0x00007efbf7fd7fa8 mode 0
Event: 4.597 loading class com/android/dex/Dex$1
Event: 4.597 loading class com/android/dex/Dex$1 done
Event: 4.646 Thread 0x00007efbf000a800 DEOPT PACKING pc=0x00007efbe153ebe1 sp=0x00007efbf7fd8280
Event: 4.646 Thread 0x00007efbf000a800 DEOPT UNPACKING pc=0x00007efbe1047233 sp=0x00007efbf7fd7f90 mode 0
Event: 4.652 Thread 0x00007efbf000a800 DEOPT PACKING pc=0x00007efbe1526a4e sp=0x00007efbf7fd8230
Event: 4.652 Thread 0x00007efbf000a800 DEOPT UNPACKING pc=0x00007efbe1047233 sp=0x00007efbf7fd7f70 mode 0
Event: 4.658 Thread 0x00007efbf000a800 DEOPT PACKING pc=0x00007efbe1526a4e sp=0x00007efbf7fd8230
Event: 4.658 Thread 0x00007efbf000a800 DEOPT UNPACKING pc=0x00007efbe1047233 sp=0x00007efbf7fd7f70 mode 0
Event: 4.659 Executing VM operation: ParallelGCFailedAllocation


Dynamic libraries:
00400000-00401000 r-xp 00000000 08:07 10620578                           /usr/lib/jvm/java-8-oracle/bin/java
00600000-00601000 rw-p 00000000 08:07 10620578                           /usr/lib/jvm/java-8-oracle/bin/java
02601000-02622000 rw-p 00000000 00:00 0                                  [heap]
c0000000-c2400000 rw-p 00000000 00:00 0 
c2400000-eab00000 ---p 00000000 00:00 0 
eab00000-ecb00000 rw-p 00000000 00:00 0 
f0800000-100000000 ---p 00000000 00:00 0 
100000000-1000c0000 rw-p 00000000 00:00 0 
1000c0000-140000000 ---p 00000000 00:00 0 
7efba4000000-7efba4021000 rw-p 00000000 00:00 0 
7efba4021000-7efba8000000 ---p 00000000 00:00 0 
7efba8000000-7efba8021000 rw-p 00000000 00:00 0 
7efba8021000-7efbac000000 ---p 00000000 00:00 0 
7efbac000000-7efbac52b000 rw-p 00000000 00:00 0 
7efbac52b000-7efbb0000000 ---p 00000000 00:00 0 
7efbb0000000-7efbb05c3000 rw-p 00000000 00:00 0 
7efbb05c3000-7efbb4000000 ---p 00000000 00:00 0 
7efbb4000000-7efbb4021000 rw-p 00000000 00:00 0 
7efbb4021000-7efbb8000000 ---p 00000000 00:00 0 
7efbb8000000-7efbb8680000 rw-p 00000000 00:00 0 
7efbb8680000-7efbbc000000 ---p 00000000 00:00 0 
7efbbc000000-7efbbc021000 rw-p 00000000 00:00 0 
7efbbc021000-7efbc0000000 ---p 00000000 00:00 0 
7efbc0000000-7efbc0021000 rw-p 00000000 00:00 0 
7efbc0021000-7efbc4000000 ---p 00000000 00:00 0 
7efbc4000000-7efbc4021000 rw-p 00000000 00:00 0 
7efbc4021000-7efbc8000000 ---p 00000000 00:00 0 
7efbc8000000-7efbc828a000 rw-p 00000000 00:00 0 
7efbc828a000-7efbcc000000 ---p 00000000 00:00 0 
7efbcc000000-7efbcc021000 rw-p 00000000 00:00 0 
7efbcc021000-7efbd0000000 ---p 00000000 00:00 0 
7efbd4000000-7efbd4021000 rw-p 00000000 00:00 0 
7efbd4021000-7efbd8000000 ---p 00000000 00:00 0 
7efbd890e000-7efbd890f000 ---p 00000000 00:00 0 
7efbd890f000-7efbd8a0f000 rw-p 00000000 00:00 0                          [stack:8624]
7efbd8a0f000-7efbd8a12000 ---p 00000000 00:00 0 
7efbd8a12000-7efbd8b10000 rw-p 00000000 00:00 0                          [stack:8623]
7efbd8b10000-7efbd8b13000 ---p 00000000 00:00 0 
7efbd8b13000-7efbd8c11000 rw-p 00000000 00:00 0                          [stack:8622]
7efbd8c11000-7efbd8c14000 ---p 00000000 00:00 0 
7efbd8c14000-7efbd8d12000 rw-p 00000000 00:00 0                          [stack:8621]
7efbd8d12000-7efbd8d15000 ---p 00000000 00:00 0 
7efbd8d15000-7efbd8e13000 rw-p 00000000 00:00 0                          [stack:8620]
7efbd8e13000-7efbd8e16000 ---p 00000000 00:00 0 
7efbd8e16000-7efbd8f14000 rw-p 00000000 00:00 0                          [stack:8619]
7efbd8f14000-7efbd95f6000 r--p 00000000 08:07 10099327                   /usr/lib/locale/locale-archive
7efbd95f6000-7efbd95f9000 ---p 00000000 00:00 0 
7efbd95f9000-7efbd96f7000 rw-p 00000000 00:00 0                          [stack:8618]
7efbd96f7000-7efbd96fa000 ---p 00000000 00:00 0 
7efbd96fa000-7efbd97f8000 rw-p 00000000 00:00 0                          [stack:8617]
7efbd97f8000-7efbd97f9000 ---p 00000000 00:00 0 
7efbd97f9000-7efbdc000000 rw-p 00000000 00:00 0                          [stack:8616]
7efbdc000000-7efbdc021000 rw-p 00000000 00:00 0 
7efbdc021000-7efbe0000000 ---p 00000000 00:00 0 
7efbe0029000-7efbe0045000 r--s 00393000 08:07 10620511                   /usr/lib/jvm/java-8-oracle/jre/lib/ext/cldrdata.jar
7efbe0045000-7efbe0054000 r--s 000dd000 08:07 9832282                    /home/sreemoyee/Android/Sdk/build-tools/22.0.1/lib/dx.jar
7efbe0054000-7efbe0f00000 rw-p 00000000 00:00 0 
7efbe0f00000-7efbe1000000 ---p 00000000 00:00 0 
7efbe1000000-7efbe15f0000 rwxp 00000000 00:00 0 
7efbe15f0000-7efbf0000000 ---p 00000000 00:00 0 
7efbf0000000-7efbf039e000 rw-p 00000000 00:00 0 
7efbf039e000-7efbf4000000 ---p 00000000 00:00 0 
7efbf4002000-7efbf400c000 r--s 00116000 08:07 10620510                   /usr/lib/jvm/java-8-oracle/jre/lib/ext/localedata.jar
7efbf400c000-7efbf410d000 rw-p 00000000 00:00 0 
7efbf410d000-7efbf42e5000 r--s 03d0c000 08:07 10236025                   /usr/lib/jvm/java-8-oracle/jre/lib/rt.jar
7efbf42e5000-7efbf455b000 rw-p 00000000 00:00 0 
7efbf455b000-7efbf455c000 ---p 00000000 00:00 0 
7efbf455c000-7efbf465c000 rw-p 00000000 00:00 0                          [stack:8615]
7efbf465c000-7efbf465d000 ---p 00000000 00:00 0 
7efbf465d000-7efbf475d000 rw-p 00000000 00:00 0                          [stack:8614]
7efbf475d000-7efbf475e000 ---p 00000000 00:00 0 
7efbf475e000-7efbf485e000 rw-p 00000000 00:00 0                          [stack:8613]
7efbf485e000-7efbf485f000 ---p 00000000 00:00 0 
7efbf485f000-7efbf4971000 rw-p 00000000 00:00 0                          [stack:8612]
7efbf4971000-7efbf4ab5000 ---p 00000000 00:00 0 
7efbf4ab5000-7efbf4ac7000 rw-p 00000000 00:00 0 
7efbf4ac7000-7efbf4c0a000 ---p 00000000 00:00 0 
7efbf4c0a000-7efbf4c1b000 rw-p 00000000 00:00 0 
7efbf4c1b000-7efbf4cb5000 ---p 00000000 00:00 0 
7efbf4cb5000-7efbf4cce000 rw-p 00000000 00:00 0 
7efbf4cce000-7efbf5076000 ---p 00000000 00:00 0 
7efbf5076000-7efbf5090000 r-xp 00000000 08:07 10236085                   /usr/lib/jvm/java-8-oracle/jre/lib/amd64/libzip.so
7efbf5090000-7efbf5290000 ---p 0001a000 08:07 10236085                   /usr/lib/jvm/java-8-oracle/jre/lib/amd64/libzip.so
7efbf5290000-7efbf5291000 rw-p 0001a000 08:07 10236085                   /usr/lib/jvm/java-8-oracle/jre/lib/amd64/libzip.so
7efbf5291000-7efbf529c000 r-xp 00000000 08:07 13111642                   /lib/x86_64-linux-gnu/libnss_files-2.19.so
7efbf529c000-7efbf549b000 ---p 0000b000 08:07 13111642                   /lib/x86_64-linux-gnu/libnss_files-2.19.so
7efbf549b000-7efbf549c000 r--p 0000a000 08:07 13111642                   /lib/x86_64-linux-gnu/libnss_files-2.19.so
7efbf549c000-7efbf549d000 rw-p 0000b000 08:07 13111642                   /lib/x86_64-linux-gnu/libnss_files-2.19.so
7efbf549d000-7efbf54a8000 r-xp 00000000 08:07 13111662                   /lib/x86_64-linux-gnu/libnss_nis-2.19.so
7efbf54a8000-7efbf56a7000 ---p 0000b000 08:07 13111662                   /lib/x86_64-linux-gnu/libnss_nis-2.19.so
7efbf56a7000-7efbf56a8000 r--p 0000a000 08:07 13111662                   /lib/x86_64-linux-gnu/libnss_nis-2.19.so
7efbf56a8000-7efbf56a9000 rw-p 0000b000 08:07 13111662                   /lib/x86_64-linux-gnu/libnss_nis-2.19.so
7efbf56a9000-7efbf56c0000 r-xp 00000000 08:07 13111651                   /lib/x86_64-linux-gnu/libnsl-2.19.so
7efbf56c0000-7efbf58bf000 ---p 00017000 08:07 13111651                   /lib/x86_64-linux-gnu/libnsl-2.19.so
7efbf58bf000-7efbf58c0000 r--p 00016000 08:07 13111651                   /lib/x86_64-linux-gnu/libnsl-2.19.so
7efbf58c0000-7efbf58c1000 rw-p 00017000 08:07 13111651                   /lib/x86_64-linux-gnu/libnsl-2.19.so
7efbf58c1000-7efbf58c3000 rw-p 00000000 00:00 0 
7efbf58c3000-7efbf58cc000 r-xp 00000000 08:07 13111650                   /lib/x86_64-linux-gnu/libnss_compat-2.19.so
7efbf58cc000-7efbf5acb000 ---p 00009000 08:07 13111650                   /lib/x86_64-linux-gnu/libnss_compat-2.19.so
7efbf5acb000-7efbf5acc000 r--p 00008000 08:07 13111650                   /lib/x86_64-linux-gnu/libnss_compat-2.19.so
7efbf5acc000-7efbf5acd000 rw-p 00009000 08:07 13111650                   /lib/x86_64-linux-gnu/libnss_compat-2.19.so
7efbf5acd000-7efbf5af7000 r-xp 00000000 08:07 10236072                   /usr/lib/jvm/java-8-oracle/jre/lib/amd64/libjava.so
7efbf5af7000-7efbf5cf7000 ---p 0002a000 08:07 10236072                   /usr/lib/jvm/java-8-oracle/jre/lib/amd64/libjava.so
7efbf5cf7000-7efbf5cf9000 rw-p 0002a000 08:07 10236072                   /usr/lib/jvm/java-8-oracle/jre/lib/amd64/libjava.so
7efbf5cf9000-7efbf5d06000 r-xp 00000000 08:07 10236065                   /usr/lib/jvm/java-8-oracle/jre/lib/amd64/libverify.so
7efbf5d06000-7efbf5f06000 ---p 0000d000 08:07 10236065                   /usr/lib/jvm/java-8-oracle/jre/lib/amd64/libverify.so
7efbf5f06000-7efbf5f08000 rw-p 0000d000 08:07 10236065                   /usr/lib/jvm/java-8-oracle/jre/lib/amd64/libverify.so
7efbf5f08000-7efbf5f0f000 r-xp 00000000 08:07 13111659                   /lib/x86_64-linux-gnu/librt-2.19.so
7efbf5f0f000-7efbf610e000 ---p 00007000 08:07 13111659                   /lib/x86_64-linux-gnu/librt-2.19.so
7efbf610e000-7efbf610f000 r--p 00006000 08:07 13111659                   /lib/x86_64-linux-gnu/librt-2.19.so
7efbf610f000-7efbf6110000 rw-p 00007000 08:07 13111659                   /lib/x86_64-linux-gnu/librt-2.19.so
7efbf6110000-7efbf6215000 r-xp 00000000 08:07 13111641                   /lib/x86_64-linux-gnu/libm-2.19.so
7efbf6215000-7efbf6414000 ---p 00105000 08:07 13111641                   /lib/x86_64-linux-gnu/libm-2.19.so
7efbf6414000-7efbf6415000 r--p 00104000 08:07 13111641                   /lib/x86_64-linux-gnu/libm-2.19.so
7efbf6415000-7efbf6416000 rw-p 00105000 08:07 13111641                   /lib/x86_64-linux-gnu/libm-2.19.so
7efbf6416000-7efbf70c4000 r-xp 00000000 08:07 10236111                   /usr/lib/jvm/java-8-oracle/jre/lib/amd64/server/libjvm.so
7efbf70c4000-7efbf72c4000 ---p 00cae000 08:07 10236111                   /usr/lib/jvm/java-8-oracle/jre/lib/amd64/server/libjvm.so
7efbf72c4000-7efbf739b000 rw-p 00cae000 08:07 10236111                   /usr/lib/jvm/java-8-oracle/jre/lib/amd64/server/libjvm.so
7efbf739b000-7efbf73df000 rw-p 00000000 00:00 0 
7efbf73df000-7efbf759a000 r-xp 00000000 08:07 13111656                   /lib/x86_64-linux-gnu/libc-2.19.so
7efbf759a000-7efbf7799000 ---p 001bb000 08:07 13111656                   /lib/x86_64-linux-gnu/libc-2.19.so
7efbf7799000-7efbf779d000 r--p 001ba000 08:07 13111656                   /lib/x86_64-linux-gnu/libc-2.19.so
7efbf779d000-7efbf779f000 rw-p 001be000 08:07 13111656                   /lib/x86_64-linux-gnu/libc-2.19.so
7efbf779f000-7efbf77a4000 rw-p 00000000 00:00 0 
7efbf77a4000-7efbf77a7000 r-xp 00000000 08:07 13111645                   /lib/x86_64-linux-gnu/libdl-2.19.so
7efbf77a7000-7efbf79a6000 ---p 00003000 08:07 13111645                   /lib/x86_64-linux-gnu/libdl-2.19.so
7efbf79a6000-7efbf79a7000 r--p 00002000 08:07 13111645                   /lib/x86_64-linux-gnu/libdl-2.19.so
7efbf79a7000-7efbf79a8000 rw-p 00003000 08:07 13111645                   /lib/x86_64-linux-gnu/libdl-2.19.so
7efbf79a8000-7efbf79bd000 r-xp 00000000 08:07 10620714                   /usr/lib/jvm/java-8-oracle/lib/amd64/jli/libjli.so
7efbf79bd000-7efbf7bbd000 ---p 00015000 08:07 10620714                   /usr/lib/jvm/java-8-oracle/lib/amd64/jli/libjli.so
7efbf7bbd000-7efbf7bbe000 rw-p 00015000 08:07 10620714                   /usr/lib/jvm/java-8-oracle/lib/amd64/jli/libjli.so
7efbf7bbe000-7efbf7bd7000 r-xp 00000000 08:07 13111657                   /lib/x86_64-linux-gnu/libpthread-2.19.so
7efbf7bd7000-7efbf7dd6000 ---p 00019000 08:07 13111657                   /lib/x86_64-linux-gnu/libpthread-2.19.so
7efbf7dd6000-7efbf7dd7000 r--p 00018000 08:07 13111657                   /lib/x86_64-linux-gnu/libpthread-2.19.so
7efbf7dd7000-7efbf7dd8000 rw-p 00019000 08:07 13111657                   /lib/x86_64-linux-gnu/libpthread-2.19.so
7efbf7dd8000-7efbf7ddc000 rw-p 00000000 00:00 0 
7efbf7ddc000-7efbf7dff000 r-xp 00000000 08:07 13111653                   /lib/x86_64-linux-gnu/ld-2.19.so
7efbf7e02000-7efbf7e03000 rw-p 00000000 00:00 0 
7efbf7e03000-7efbf7e07000 r--s 00095000 08:07 10237397                   /usr/lib/jvm/java-8-oracle/jre/lib/jsse.jar
7efbf7e07000-7efbf7ed9000 rw-p 00000000 00:00 0 
7efbf7ed9000-7efbf7edc000 ---p 00000000 00:00 0 
7efbf7edc000-7efbf7ff2000 rw-p 00000000 00:00 0                          [stack:8611]
7efbf7ff2000-7efbf7ffa000 rw-s 00000000 08:07 9703190                    /tmp/hsperfdata_sreemoyee/8605
7efbf7ffa000-7efbf7ffb000 rw-p 00000000 00:00 0 
7efbf7ffb000-7efbf7ffc000 ---p 00000000 00:00 0 
7efbf7ffc000-7efbf7ffe000 rw-p 00000000 00:00 0 
7efbf7ffe000-7efbf7fff000 r--p 00022000 08:07 13111653                   /lib/x86_64-linux-gnu/ld-2.19.so
7efbf7fff000-7efbf8000000 rw-p 00023000 08:07 13111653                   /lib/x86_64-linux-gnu/ld-2.19.so
7efbf8000000-7efbf8001000 rw-p 00000000 00:00 0 
7ffbfffdd000-7ffbffffe000 rw-p 00000000 00:00 0                          [stack]
7ffbffffe000-7ffc00000000 r-xp 00000000 00:00 0                          [vdso]
ffffffffff600000-ffffffffff601000 r-xp 00000000 00:00 0                  [vsyscall]

VM Arguments:
jvm_args: -Xmx1024M -Dfile.encoding=UTF-8 -Duser.country=IN -Duser.language=en -Duser.variant 
java_command: com.android.dx.command.Main --dex --output /home/sreemoyee/AndroidStudioProjects/Movie/app/build/intermediates/dex/debug /home/sreemoyee/AndroidStudioProjects/Movie/app/build/intermediates/classes/debug /home/sreemoyee/AndroidStudioProjects/Movie/app/build/intermediates/pre-dexed/debug/support-annotations-22.2.0-eefa1963383eaa088b1d3cef9bd19ca63a6e9181.jar /home/sreemoyee/AndroidStudioProjects/Movie/app/build/intermediates/pre-dexed/debug/internal_impl-22.2.0-e1be1779a4b61d0933aae845af8b42b2a1baea9a.jar /home/sreemoyee/AndroidStudioProjects/Movie/app/build/intermediates/pre-dexed/debug/glide-3.5.2-670212e5d99a69527488e03f359db6de871dda4a.jar /home/sreemoyee/AndroidStudioProjects/Movie/app/build/intermediates/pre-dexed/debug/classes-78ec1f8982fa18eee22ebc16435a704959b3a59a.jar /home/sreemoyee/AndroidStudioProjects/Movie/app/build/intermediates/pre-dexed/debug/classes-9ff8e5b7c0e9c6b5a03391a37b8aa70cd6b8ca9e.jar
java_class_path (initial): /home/sreemoyee/Android/Sdk/build-tools/22.0.1/lib/dx.jar
Launcher Type: SUN_STANDARD

Environment Variables:
PATH=/usr/local/sbin:/usr/local/bin:/usr/sbin:/usr/bin:/sbin:/bin:/usr/games:/usr/local/games:/usr/bin
LD_LIBRARY_PATH=.:/usr/lib32
SHELL=/bin/bash
DISPLAY=:0

Signal Handlers:
SIGSEGV: [libjvm.so+0xaad540], sa_mask[0]=11111111011111111101111111111110, sa_flags=SA_RESTART|SA_SIGINFO
SIGBUS: [libjvm.so+0xaad540], sa_mask[0]=11111111011111111101111111111110, sa_flags=SA_RESTART|SA_SIGINFO
SIGFPE: [libjvm.so+0x90b6b0], sa_mask[0]=11111111011111111101111111111110, sa_flags=SA_RESTART|SA_SIGINFO
SIGPIPE: [libjvm.so+0x90b6b0], sa_mask[0]=11111111011111111101111111111110, sa_flags=SA_RESTART|SA_SIGINFO
SIGXFSZ: [libjvm.so+0x90b6b0], sa_mask[0]=11111111011111111101111111111110, sa_flags=SA_RESTART|SA_SIGINFO
SIGILL: [libjvm.so+0x90b6b0], sa_mask[0]=11111111011111111101111111111110, sa_flags=SA_RESTART|SA_SIGINFO
SIGUSR1: SIG_DFL, sa_mask[0]=00000000000000000000000000000000, sa_flags=none
SIGUSR2: [libjvm.so+0x90ccf0], sa_mask[0]=00100000000000000000000000000000, sa_flags=SA_RESTART|SA_SIGINFO
SIGHUP: [libjvm.so+0x90e040], sa_mask[0]=11111111011111111101111111111110, sa_flags=SA_RESTART|SA_SIGINFO
SIGINT: [libjvm.so+0x90e040], sa_mask[0]=11111111011111111101111111111110, sa_flags=SA_RESTART|SA_SIGINFO
SIGTERM: [libjvm.so+0x90e040], sa_mask[0]=11111111011111111101111111111110, sa_flags=SA_RESTART|SA_SIGINFO
SIGQUIT: [libjvm.so+0x90e040], sa_mask[0]=11111111011111111101111111111110, sa_flags=SA_RESTART|SA_SIGINFO


---------------  S Y S T E M  ---------------

OS:DISTRIB_ID=Ubuntu
DISTRIB_RELEASE=14.04
DISTRIB_CODENAME=trusty
DISTRIB_DESCRIPTION="Ubuntu 14.04.3 LTS"

uname:Linux 3.13.0-61-generic #100-Ubuntu SMP Wed Jul 29 11:21:34 UTC 2015 x86_64
libc:glibc 2.19 NPTL 2.19 
rlimit: STACK 8192k, CORE 0k, NPROC 26620, NOFILE 4096, AS infinity
load average:1.73 1.27 0.96

/proc/meminfo:
MemTotal:        3476020 kB
MemFree:          102888 kB
Buffers:             364 kB
Cached:            25916 kB
SwapCached:            0 kB
Active:          3001708 kB
Inactive:          22000 kB
Active(anon):    2998800 kB
Inactive(anon):     4552 kB
Active(file):       2908 kB
Inactive(file):    17448 kB
Unevictable:          32 kB
Mlocked:              32 kB
SwapTotal:             0 kB
SwapFree:              0 kB
Dirty:               196 kB
Writeback:             0 kB
AnonPages:       2997764 kB
Mapped:           116464 kB
Shmem:              5620 kB
Slab:              54520 kB
SReclaimable:      21888 kB
SUnreclaim:        32632 kB
KernelStack:        3880 kB
PageTables:        27944 kB
NFS_Unstable:          0 kB
Bounce:                0 kB
WritebackTmp:          0 kB
CommitLimit:     1738008 kB
Committed_AS:    5096244 kB
VmallocTotal:   34359738367 kB
VmallocUsed:      133396 kB
VmallocChunk:   34359573612 kB
HardwareCorrupted:     0 kB
AnonHugePages:   1716224 kB
HugePages_Total:       0
HugePages_Free:        0
HugePages_Rsvd:        0
HugePages_Surp:        0
Hugepagesize:       2048 kB
DirectMap4k:      210396 kB
DirectMap2M:     2355200 kB
DirectMap1G:     1048576 kB


CPU:total 4 (4 cores per cpu, 1 threads per core) family 22 model 48 stepping 1, cmov, cx8, fxsr, mmx, sse, sse2, sse3, ssse3, sse4.1, sse4.2, popcnt, avx, aes, clmul, mmxext, 3dnowpref, lzcnt, sse4a, tsc, tscinvbit, tscinv, bmi1

/proc/cpuinfo:
processor	: 0
vendor_id	: AuthenticAMD
cpu family	: 22
model		: 48
model name	: AMD A8-6410 APU with AMD Radeon R5 Graphics
stepping	: 1
microcode	: 0x7030104
cpu MHz		: 1000.000
cache size	: 2048 KB
physical id	: 0
siblings	: 4
core id		: 0
cpu cores	: 4
apicid		: 0
initial apicid	: 0
fpu		: yes
fpu_exception	: yes
cpuid level	: 13
wp		: yes
flags		: fpu vme de pse tsc msr pae mce cx8 apic sep mtrr pge mca cmov pat pse36 clflush mmx fxsr sse sse2 ht syscall nx mmxext fxsr_opt pdpe1gb rdtscp lm constant_tsc rep_good nopl nonstop_tsc extd_apicid aperfmperf eagerfpu pni pclmulqdq monitor ssse3 cx16 sse4_1 sse4_2 movbe popcnt aes xsave avx f16c rdrand lahf_lm cmp_legacy svm extapic cr8_legacy abm sse4a misalignsse 3dnowprefetch osvw ibs skinit wdt topoext perfctr_nb perfctr_l2 arat cpb xsaveopt hw_pstate npt lbrv svm_lock nrip_save tsc_scale flushbyasid decodeassists pausefilter pfthreshold vmmcall bmi1
bogomips	: 3992.22
TLB size	: 1024 4K pages
clflush size	: 64
cache_alignment	: 64
address sizes	: 40 bits physical, 48 bits virtual
power management: ts ttp tm 100mhzsteps hwpstate cpb [12] [13]

processor	: 1
vendor_id	: AuthenticAMD
cpu family	: 22
model		: 48
model name	: AMD A8-6410 APU with AMD Radeon R5 Graphics    
stepping	: 1
microcode	: 0x7030104
cpu MHz		: 1000.000
cache size	: 2048 KB
physical id	: 0
siblings	: 4
core id		: 1
cpu cores	: 4
apicid		: 1
initial apicid	: 1
fpu		: yes
fpu_exception	: yes
cpuid level	: 13
wp		: yes
flags		: fpu vme de pse tsc msr pae mce cx8 apic sep mtrr pge mca cmov pat pse36 clflush mmx fxsr sse sse2 ht syscall nx mmxext fxsr_opt pdpe1gb rdtscp lm constant_tsc rep_good nopl nonstop_tsc extd_apicid aperfmperf eagerfpu pni pclmulqdq monitor ssse3 cx16 sse4_1 sse4_2 movbe popcnt aes xsave avx f16c rdrand lahf_lm cmp_legacy svm extapic cr8_legacy abm sse4a misalignsse 3dnowprefetch osvw ibs skinit wdt topoext perfctr_nb perfctr_l2 arat cpb xsaveopt hw_pstate npt lbrv svm_lock nrip_save tsc_scale flushbyasid decodeassists pausefilter pfthreshold vmmcall bmi1
bogomips	: 3992.22
TLB size	: 1024 4K pages
clflush size	: 64
cache_alignment	: 64
address sizes	: 40 bits physical, 48 bits virtual
power management: ts ttp tm 100mhzsteps hwpstate cpb [12] [13]

processor	: 2
vendor_id	: AuthenticAMD
cpu family	: 22
model		: 48
model name	: AMD A8-6410 APU with AMD Radeon R5 Graphics    
stepping	: 1
microcode	: 0x7030104
cpu MHz		: 1000.000
cache size	: 2048 KB
physical id	: 0
siblings	: 4
core id		: 2
cpu cores	: 4
apicid		: 2
initial apicid	: 2
fpu		: yes
fpu_exception	: yes
cpuid level	: 13
wp		: yes
flags		: fpu vme de pse tsc msr pae mce cx8 apic sep mtrr pge mca cmov pat pse36 clflush mmx fxsr sse sse2 ht syscall nx mmxext fxsr_opt pdpe1gb rdtscp lm constant_tsc rep_good nopl nonstop_tsc extd_apicid aperfmperf eagerfpu pni pclmulqdq monitor ssse3 cx16 sse4_1 sse4_2 movbe popcnt aes xsave avx f16c rdrand lahf_lm cmp_legacy svm extapic cr8_legacy abm sse4a misalignsse 3dnowprefetch osvw ibs skinit wdt topoext perfctr_nb perfctr_l2 arat cpb xsaveopt hw_pstate npt lbrv svm_lock nrip_save tsc_scale flushbyasid decodeassists pausefilter pfthreshold vmmcall bmi1
bogomips	: 3992.22
TLB size	: 1024 4K pages
clflush size	: 64
cache_alignment	: 64
address sizes	: 40 bits physical, 48 bits virtual
power management: ts ttp tm 100mhzsteps hwpstate cpb [12] [13]

processor	: 3
vendor_id	: AuthenticAMD
cpu family	: 22
model		: 48
model name	: AMD A8-6410 APU with AMD Radeon R5 Graphics    
stepping	: 1
microcode	: 0x7030104
cpu MHz		: 1000.000
cache size	: 2048 KB
physical id	: 0
siblings	: 4
core id		: 3
cpu cores	: 4
apicid		: 3
initial apicid	: 3
fpu		: yes
fpu_exception	: yes
cpuid level	: 13
wp		: yes
flags		: fpu vme de pse tsc msr pae mce cx8 apic sep mtrr pge mca cmov pat pse36 clflush mmx fxsr sse sse2 ht syscall nx mmxext fxsr_opt pdpe1gb rdtscp lm constant_tsc rep_good nopl nonstop_tsc extd_apicid aperfmperf eagerfpu pni pclmulqdq monitor ssse3 cx16 sse4_1 sse4_2 movbe popcnt aes xsave avx f16c rdrand lahf_lm cmp_legacy svm extapic cr8_legacy abm sse4a misalignsse 3dnowprefetch osvw ibs skinit wdt topoext perfctr_nb perfctr_l2 arat cpb xsaveopt hw_pstate npt lbrv svm_lock nrip_save tsc_scale flushbyasid decodeassists pausefilter pfthreshold vmmcall bmi1
bogomips	: 3992.22
TLB size	: 1024 4K pages
clflush size	: 64
cache_alignment	: 64
address sizes	: 40 bits physical, 48 bits virtual
power management: ts ttp tm 100mhzsteps hwpstate cpb [12] [13]



Memory: 4k page, physical 3476020k(102888k free), swap 0k(0k free)

vm_info: Java HotSpot(TM) 64-Bit Server VM (25.51-b03) for linux-amd64 JRE (1.8.0_51-b16), built on Jun  8 2015 19:28:07 by "java_re" with gcc 4.3.0 20080428 (Red Hat 4.3.0-8)

time: Tue Aug 18 16:38:08 2015
elapsed time: 11 seconds (0d 0h 0m 11s)

