#
# There is insufficient memory for the Java Runtime Environment to continue.
# Native memory allocation (mmap) failed to map 94371840 bytes for committing reserved memory.
# Possible reasons:
#   The system is out of physical RAM or swap space
#   In 32 bit mode, the process size limit was hit
# Possible solutions:
#   Reduce memory load on the system
#   Increase physical memory or swap space
#   Check if swap backing store is full
#   Use 64 bit Java on a 64 bit OS
#   Decrease Java heap size (-Xmx/-Xms)
#   Decrease number of Java threads
#   Decrease Java thread stack sizes (-Xss)
#   Set larger code cache with -XX:ReservedCodeCacheSize=
# This output file may be truncated or incomplete.
#
#  Out of Memory Error (os_linux.cpp:2627), pid=5931, tid=140087473698560
#
# JRE version: Java(TM) SE Runtime Environment (8.0_60-b27) (build 1.8.0_60-b27)
# Java VM: Java HotSpot(TM) 64-Bit Server VM (25.60-b23 mixed mode linux-amd64 compressed oops)
# Failed to write core dump. Core dumps have been disabled. To enable core dumping, try "ulimit -c unlimited" before starting Java again
#

---------------  T H R E A D  ---------------

Current thread (0x00007f68bc078000):  VMThread [stack: 0x00007f68a80b7000,0x00007f68a81b8000] [id=5941]

Stack: [0x00007f68a80b7000,0x00007f68a81b8000],  sp=0x00007f68a81b5f60,  free space=1019k
Native frames: (J=compiled Java code, j=interpreted, Vv=VM code, C=native code)
V  [libjvm.so+0xab97ea]  VMError::report_and_die()+0x2ba
V  [libjvm.so+0x4f9dab]  report_vm_out_of_memory(char const*, int, unsigned long, VMErrorType, char const*)+0x8b
V  [libjvm.so+0x91a7c3]  os::Linux::commit_memory_impl(char*, unsigned long, bool)+0x103
V  [libjvm.so+0x91ad19]  os::pd_commit_memory(char*, unsigned long, unsigned long, bool)+0x29
V  [libjvm.so+0x91502a]  os::commit_memory(char*, unsigned long, unsigned long, bool)+0x2a
V  [libjvm.so+0x9886d3]  PSVirtualSpace::expand_by(unsigned long)+0x53
V  [libjvm.so+0x989ad8]  PSYoungGen::resize_generation(unsigned long, unsigned long)+0xf8
V  [libjvm.so+0x988c32]  PSYoungGen::resize(unsigned long, unsigned long)+0x22
V  [libjvm.so+0x985f0b]  PSScavenge::invoke_no_policy()+0xf3b
V  [libjvm.so+0x986691]  PSScavenge::invoke()+0x41
V  [libjvm.so+0x93e430]  ParallelScavengeHeap::failed_mem_allocate(unsigned long)+0x70
V  [libjvm.so+0xabb207]  VM_ParallelGCFailedAllocation::doit()+0x97
V  [libjvm.so+0xac2c35]  VM_Operation::evaluate()+0x55
V  [libjvm.so+0xac100a]  VMThread::evaluate_operation(VM_Operation*)+0xba
V  [libjvm.so+0xac138e]  VMThread::loop()+0x1ce
V  [libjvm.so+0xac1800]  VMThread::run()+0x70
V  [libjvm.so+0x91cb88]  java_start(Thread*)+0x108

VM_Operation (0x00007f68c285f060): ParallelGCFailedAllocation, mode: safepoint, requested by thread 0x00007f68bc00a800


---------------  P R O C E S S  ---------------

Java Threads: ( => current thread )
  0x00007f68bc0c0000 JavaThread "Service Thread" daemon [_thread_blocked, id=5948, stack(0x00007f68a3217000,0x00007f68a3318000)]
  0x00007f68bc0bb000 JavaThread "C1 CompilerThread2" daemon [_thread_blocked, id=5947, stack(0x00007f68a3318000,0x00007f68a3419000)]
  0x00007f68bc0b9000 JavaThread "C2 CompilerThread1" daemon [_thread_blocked, id=5946, stack(0x00007f68a3419000,0x00007f68a351a000)]
  0x00007f68bc0b6800 JavaThread "C2 CompilerThread0" daemon [_thread_blocked, id=5945, stack(0x00007f68a351a000,0x00007f68a361b000)]
  0x00007f68bc0b5000 JavaThread "Signal Dispatcher" daemon [_thread_blocked, id=5944, stack(0x00007f68a361b000,0x00007f68a371c000)]
  0x00007f68bc07f800 JavaThread "Finalizer" daemon [_thread_blocked, id=5943, stack(0x00007f68a3dfe000,0x00007f68a3eff000)]
  0x00007f68bc07d000 JavaThread "Reference Handler" daemon [_thread_blocked, id=5942, stack(0x00007f68a3eff000,0x00007f68a4000000)]
  0x00007f68bc00a800 JavaThread "main" [_thread_blocked, id=5936, stack(0x00007f68c2760000,0x00007f68c2861000)]

Other Threads:
=>0x00007f68bc078000 VMThread [stack: 0x00007f68a80b7000,0x00007f68a81b8000] [id=5941]
  0x00007f68bc0c3000 WatcherThread [stack: 0x00007f68a3116000,0x00007f68a3217000] [id=5949]

VM state:at safepoint (normal execution)

VM Mutex/Monitor currently owned by a thread:  ([mutex/lock_event])
[0x00007f68bc006990] Threads_lock - owner thread: 0x00007f68bc078000
[0x00007f68bc006e90] Heap_lock - owner thread: 0x00007f68bc00a800

Heap:
 PSYoungGen      total 59392K, used 2034K [0x00000000eab00000, 0x00000000ee700000, 0x0000000100000000)
  eden space 57344K, 0% used [0x00000000eab00000,0x00000000eab00000,0x00000000ee300000)
  from space 2048K, 99% used [0x00000000ee300000,0x00000000ee4fc888,0x00000000ee500000)
  to   space 2048K, 0% used [0x00000000ee500000,0x00000000ee500000,0x00000000ee700000)
 ParOldGen       total 36864K, used 35053K [0x00000000c0000000, 0x00000000c2400000, 0x00000000eab00000)
  object space 36864K, 95% used [0x00000000c0000000,0x00000000c223b5b8,0x00000000c2400000)
 Metaspace       used 7549K, capacity 7896K, committed 8064K, reserved 1056768K
  class space    used 750K, capacity 784K, committed 896K, reserved 1048576K

Card table byte_map: [0x00007f68ac1f2000,0x00007f68ac3f3000] byte_map_base: 0x00007f68abbf2000

Marking Bits: (ParMarkBitMap*) 0x00007f68c1c3ade0
 Begin Bits: [0x00007f68a9d99000, 0x00007f68aad99000)
 End Bits:   [0x00007f68aad99000, 0x00007f68abd99000)

Polling page: 0x00007f68c2882000

CodeCache: size=245760Kb used=7138Kb max_used=7153Kb free=238621Kb
 bounds [0x00007f68ac7b3000, 0x00007f68acec3000, 0x00007f68bb7b3000]
 total_blobs=2477 nmethods=2183 adapters=208
 compilation: enabled

Compilation events (10 events):
Event: 7.251 Thread 0x00007f68bc0bb000 2254       2       com.android.dx.io.instructions.InstructionCodec$17::encode (29 bytes)
Event: 7.254 Thread 0x00007f68bc0bb000 nmethod 2254 0x00007f68aceae9d0 code [0x00007f68aceaeb80, 0x00007f68aceaee48]
Event: 7.264 Thread 0x00007f68bc0bb000 2255       1       com.android.dx.io.instructions.SparseSwitchPayloadDecodedInstruction::getKeys (5 bytes)
Event: 7.266 Thread 0x00007f68bc0bb000 nmethod 2255 0x00007f68ace97650 code [0x00007f68ace977a0, 0x00007f68ace978b0]
Event: 7.266 Thread 0x00007f68bc0bb000 2256       1       com.android.dx.io.instructions.SparseSwitchPayloadDecodedInstruction::getTargets (5 bytes)
Event: 7.266 Thread 0x00007f68bc0bb000 nmethod 2256 0x00007f68aceac890 code [0x00007f68aceac9e0, 0x00007f68aceacaf0]
Event: 7.401 Thread 0x00007f68bc0b9000 nmethod 2249 0x00007f68aceb3310 code [0x00007f68aceb35c0, 0x00007f68aceb4b50]
Event: 7.402 Thread 0x00007f68bc0b9000 2246       4       com.android.dx.io.instructions.InstructionCodec$13::decode (43 bytes)
Event: 7.410 Thread 0x00007f68bc0b9000 nmethod 2246 0x00007f68aceafe50 code [0x00007f68aceaffc0, 0x00007f68aceb0218]
Event: 7.410 Thread 0x00007f68bc0b9000 2247       4       com.android.dx.merge.DexMerger::transformCode (252 bytes)

GC Heap History (9 events):
Event: 3.020 GC heap before
{Heap before GC invocations=1 (full 0):
 PSYoungGen      total 16384K, used 14336K [0x00000000eab00000, 0x00000000ebd00000, 0x0000000100000000)
  eden space 14336K, 100% used [0x00000000eab00000,0x00000000eb900000,0x00000000eb900000)
  from space 2048K, 0% used [0x00000000ebb00000,0x00000000ebb00000,0x00000000ebd00000)
  to   space 2048K, 0% used [0x00000000eb900000,0x00000000eb900000,0x00000000ebb00000)
 ParOldGen       total 36864K, used 0K [0x00000000c0000000, 0x00000000c2400000, 0x00000000eab00000)
  object space 36864K, 0% used [0x00000000c0000000,0x00000000c0000000,0x00000000c2400000)
 Metaspace       used 5235K, capacity 6704K, committed 6784K, reserved 1056768K
  class space    used 533K, capacity 616K, committed 640K, reserved 1048576K
Event: 3.239 GC heap after
Heap after GC invocations=1 (full 0):
 PSYoungGen      total 16384K, used 2032K [0x00000000eab00000, 0x00000000ecb00000, 0x0000000100000000)
  eden space 14336K, 0% used [0x00000000eab00000,0x00000000eab00000,0x00000000eb900000)
  from space 2048K, 99% used [0x00000000eb900000,0x00000000ebafc048,0x00000000ebb00000)
  to   space 2048K, 0% used [0x00000000ec900000,0x00000000ec900000,0x00000000ecb00000)
 ParOldGen       total 36864K, used 1878K [0x00000000c0000000, 0x00000000c2400000, 0x00000000eab00000)
  object space 36864K, 5% used [0x00000000c0000000,0x00000000c01d5940,0x00000000c2400000)
 Metaspace       used 5235K, capacity 6704K, committed 6784K, reserved 1056768K
  class space    used 533K, capacity 616K, committed 640K, reserved 1048576K
}
Event: 3.812 GC heap before
{Heap before GC invocations=2 (full 0):
 PSYoungGen      total 16384K, used 16368K [0x00000000eab00000, 0x00000000ecb00000, 0x0000000100000000)
  eden space 14336K, 100% used [0x00000000eab00000,0x00000000eb900000,0x00000000eb900000)
  from space 2048K, 99% used [0x00000000eb900000,0x00000000ebafc048,0x00000000ebb00000)
  to   space 2048K, 0% used [0x00000000ec900000,0x00000000ec900000,0x00000000ecb00000)
 ParOldGen       total 36864K, used 1878K [0x00000000c0000000, 0x00000000c2400000, 0x00000000eab00000)
  object space 36864K, 5% used [0x00000000c0000000,0x00000000c01d5940,0x00000000c2400000)
 Metaspace       used 5379K, capacity 6832K, committed 7040K, reserved 1056768K
  class space    used 534K, capacity 616K, committed 640K, reserved 1048576K
Event: 3.829 GC heap after
Heap after GC invocations=2 (full 0):
 PSYoungGen      total 30720K, used 2036K [0x00000000eab00000, 0x00000000ecb00000, 0x0000000100000000)
  eden space 28672K, 0% used [0x00000000eab00000,0x00000000eab00000,0x00000000ec700000)
  from space 2048K, 99% used [0x00000000ec900000,0x00000000ecafd010,0x00000000ecb00000)
  to   space 2048K, 0% used [0x00000000ec700000,0x00000000ec700000,0x00000000ec900000)
 ParOldGen       total 36864K, used 3174K [0x00000000c0000000, 0x00000000c2400000, 0x00000000eab00000)
  object space 36864K, 8% used [0x00000000c0000000,0x00000000c0319940,0x00000000c2400000)
 Metaspace       used 5379K, capacity 6832K, committed 7040K, reserved 1056768K
  class space    used 534K, capacity 616K, committed 640K, reserved 1048576K
}
Event: 6.092 GC heap before
{Heap before GC invocations=3 (full 0):
 PSYoungGen      total 30720K, used 30449K [0x00000000eab00000, 0x00000000ecb00000, 0x0000000100000000)
  eden space 28672K, 99% used [0x00000000eab00000,0x00000000ec6bf5a8,0x00000000ec700000)
  from space 2048K, 99% used [0x00000000ec900000,0x00000000ecafd010,0x00000000ecb00000)
  to   space 2048K, 0% used [0x00000000ec700000,0x00000000ec700000,0x00000000ec900000)
 ParOldGen       total 36864K, used 3174K [0x00000000c0000000, 0x00000000c2400000, 0x00000000eab00000)
  object space 36864K, 8% used [0x00000000c0000000,0x00000000c0319940,0x00000000c2400000)
 Metaspace       used 7488K, capacity 7832K, committed 8064K, reserved 1056768K
  class space    used 749K, capacity 784K, committed 896K, reserved 1048576K
Event: 6.119 GC heap after
Heap after GC invocations=3 (full 0):
 PSYoungGen      total 30720K, used 2034K [0x00000000eab00000, 0x00000000ee700000, 0x0000000100000000)
  eden space 28672K, 0% used [0x00000000eab00000,0x00000000eab00000,0x00000000ec700000)
  from space 2048K, 99% used [0x00000000ec700000,0x00000000ec8fc898,0x00000000ec900000)
  to   space 2048K, 0% used [0x00000000ee500000,0x00000000ee500000,0x00000000ee700000)
 ParOldGen       total 36864K, used 9011K [0x00000000c0000000, 0x00000000c2400000, 0x00000000eab00000)
  object space 36864K, 24% used [0x00000000c0000000,0x00000000c08ccd78,0x00000000c2400000)
 Metaspace       used 7488K, capacity 7832K, committed 8064K, reserved 1056768K
  class space    used 749K, capacity 784K, committed 896K, reserved 1048576K
}
Event: 6.622 GC heap before
{Heap before GC invocations=4 (full 0):
 PSYoungGen      total 30720K, used 30706K [0x00000000eab00000, 0x00000000ee700000, 0x0000000100000000)
  eden space 28672K, 100% used [0x00000000eab00000,0x00000000ec700000,0x00000000ec700000)
  from space 2048K, 99% used [0x00000000ec700000,0x00000000ec8fc898,0x00000000ec900000)
  to   space 2048K, 0% used [0x00000000ee500000,0x00000000ee500000,0x00000000ee700000)
 ParOldGen       total 36864K, used 9011K [0x00000000c0000000, 0x00000000c2400000, 0x00000000eab00000)
  object space 36864K, 24% used [0x00000000c0000000,0x00000000c08ccd78,0x00000000c2400000)
 Metaspace       used 7525K, capacity 7896K, committed 8064K, reserved 1056768K
  class space    used 750K, capacity 784K, committed 896K, reserved 1048576K
Event: 6.669 GC heap after
Heap after GC invocations=4 (full 0):
 PSYoungGen      total 59392K, used 2020K [0x00000000eab00000, 0x00000000ee700000, 0x0000000100000000)
  eden space 57344K, 0% used [0x00000000eab00000,0x00000000eab00000,0x00000000ee300000)
  from space 2048K, 98% used [0x00000000ee500000,0x00000000ee6f91c8,0x00000000ee700000)
  to   space 2048K, 0% used [0x00000000ee300000,0x00000000ee300000,0x00000000ee500000)
 ParOldGen       total 36864K, used 22368K [0x00000000c0000000, 0x00000000c2400000, 0x00000000eab00000)
  object space 36864K, 60% used [0x00000000c0000000,0x00000000c15d8130,0x00000000c2400000)
 Metaspace       used 7525K, capacity 7896K, committed 8064K, reserved 1056768K
  class space    used 750K, capacity 784K, committed 896K, reserved 1048576K
}
Event: 7.424 GC heap before
{Heap before GC invocations=5 (full 0):
 PSYoungGen      total 59392K, used 59364K [0x00000000eab00000, 0x00000000ee700000, 0x0000000100000000)
  eden space 57344K, 100% used [0x00000000eab00000,0x00000000ee300000,0x00000000ee300000)
  from space 2048K, 98% used [0x00000000ee500000,0x00000000ee6f91c8,0x00000000ee700000)
  to   space 2048K, 0% used [0x00000000ee300000,0x00000000ee300000,0x00000000ee500000)
 ParOldGen       total 36864K, used 22368K [0x00000000c0000000, 0x00000000c2400000, 0x00000000eab00000)
  object space 36864K, 60% used [0x00000000c0000000,0x00000000c15d8130,0x00000000c2400000)
 Metaspace       used 7549K, capacity 7896K, committed 8064K, reserved 1056768K
  class space    used 750K, capacity 784K, committed 896K, reserved 1048576K

Deoptimization events (10 events):
Event: 5.282 Thread 0x00007f68bc00a800 Uncommon trap: reason=unstable_if action=reinterpret pc=0x00007f68acc94d08 method=java.util.HashMap.getNode(ILjava/lang/Object;)Ljava/util/HashMap$Node; @ 84
Event: 5.449 Thread 0x00007f68bc00a800 Uncommon trap: reason=unstable_if action=reinterpret pc=0x00007f68acd7895c method=sun.misc.URLClassPath.getLoader(I)Lsun/misc/URLClassPath$Loader; @ 36
Event: 5.450 Thread 0x00007f68bc00a800 Uncommon trap: reason=unstable_if action=reinterpret pc=0x00007f68ac97f3b8 method=sun.misc.MetaIndex.mayContain(Ljava/lang/String;)Z @ 13
Event: 5.456 Thread 0x00007f68bc00a800 Uncommon trap: reason=class_check action=maybe_recompile pc=0x00007f68acbdeca8 method=java.util.ArrayList.<init>(Ljava/util/Collection;)V @ 6
Event: 5.491 Thread 0x00007f68bc00a800 Uncommon trap: reason=class_check action=maybe_recompile pc=0x00007f68acbdeca8 method=java.util.ArrayList.<init>(Ljava/util/Collection;)V @ 6
Event: 5.699 Thread 0x00007f68bc00a800 Uncommon trap: reason=predicate action=maybe_recompile pc=0x00007f68acd978d0 method=com.android.dex.Leb128.readUnsignedLeb128(Lcom/android/dex/util/ByteInput;)I @ 41
Event: 5.724 Thread 0x00007f68bc00a800 Uncommon trap: reason=unstable_if action=reinterpret pc=0x00007f68acd60d2c method=java.util.HashMap.resize()[Ljava/util/HashMap$Node; @ 206
Event: 6.125 Thread 0x00007f68bc00a800 Uncommon trap: reason=unstable_if action=reinterpret pc=0x00007f68acdcd9e0 method=com.android.dex.Mutf8.decode(Lcom/android/dex/util/ByteInput;[C)Ljava/lang/String; @ 37
Event: 6.125 Thread 0x00007f68bc00a800 Uncommon trap: reason=unstable_if action=reinterpret pc=0x00007f68ace0b124 method=com.android.dex.Mutf8.countBytes(Ljava/lang/String;Z)J @ 28
Event: 6.125 Thread 0x00007f68bc00a800 Uncommon trap: reason=unstable_if action=reinterpret pc=0x00007f68acd3c1e8 method=com.android.dex.Mutf8.encode([BILjava/lang/String;)V @ 24

Internal exceptions (6 events):
Event: 0.739 Thread 0x00007f68bc00a800 Exception <a 'java/lang/NoSuchMethodError': Method sun.misc.Unsafe.defineClass(Ljava/lang/String;[BII)Ljava/lang/Class; name or signature does not match> (0x00000000eab129f8) thrown at [/HUDSON/workspace/8-2-build-linux-amd64/jdk8u60/4407/hotspot/src/shar
Event: 0.739 Thread 0x00007f68bc00a800 Exception <a 'java/lang/NoSuchMethodError': Method sun.misc.Unsafe.prefetchRead(Ljava/lang/Object;J)V name or signature does not match> (0x00000000eab12ce0) thrown at [/HUDSON/workspace/8-2-build-linux-amd64/jdk8u60/4407/hotspot/src/share/vm/prims/jni.cpp
Event: 5.451 Thread 0x00007f68bc00a800 Exception <a 'java/security/PrivilegedActionException'> (0x00000000ebb9d5b8) thrown at [/HUDSON/workspace/8-2-build-linux-amd64/jdk8u60/4407/hotspot/src/share/vm/prims/jvm.cpp, line 1386]
Event: 5.451 Thread 0x00007f68bc00a800 Exception <a 'java/security/PrivilegedActionException'> (0x00000000ebb9d9b0) thrown at [/HUDSON/workspace/8-2-build-linux-amd64/jdk8u60/4407/hotspot/src/share/vm/prims/jvm.cpp, line 1386]
Event: 5.451 Thread 0x00007f68bc00a800 Exception <a 'java/security/PrivilegedActionException'> (0x00000000ebba01c0) thrown at [/HUDSON/workspace/8-2-build-linux-amd64/jdk8u60/4407/hotspot/src/share/vm/prims/jvm.cpp, line 1386]
Event: 5.451 Thread 0x00007f68bc00a800 Exception <a 'java/security/PrivilegedActionException'> (0x00000000ebba05b8) thrown at [/HUDSON/workspace/8-2-build-linux-amd64/jdk8u60/4407/hotspot/src/share/vm/prims/jvm.cpp, line 1386]

Events (10 events):
Event: 6.735 Thread 0x00007f68bc00a800 DEOPT UNPACKING pc=0x00007f68ac7fa233 sp=0x00007f68c285ef70 mode 0
Event: 6.741 Thread 0x00007f68bc00a800 DEOPT PACKING pc=0x00007f68acdd868e sp=0x00007f68c285f230
Event: 6.741 Thread 0x00007f68bc00a800 DEOPT UNPACKING pc=0x00007f68ac7fa233 sp=0x00007f68c285ef70 mode 0
Event: 6.747 Thread 0x00007f68bc00a800 DEOPT PACKING pc=0x00007f68acdd868e sp=0x00007f68c285f230
Event: 6.747 Thread 0x00007f68bc00a800 DEOPT UNPACKING pc=0x00007f68ac7fa233 sp=0x00007f68c285ef70 mode 0
Event: 6.756 Thread 0x00007f68bc00a800 DEOPT PACKING pc=0x00007f68ace684eb sp=0x00007f68c285f3e0
Event: 6.756 Thread 0x00007f68bc00a800 DEOPT UNPACKING pc=0x00007f68ac7fa233 sp=0x00007f68c285f108 mode 0
Event: 6.845 Thread 0x00007f68bc00a800 DEOPT PACKING pc=0x00007f68acdd868e sp=0x00007f68c285f230
Event: 6.845 Thread 0x00007f68bc00a800 DEOPT UNPACKING pc=0x00007f68ac7fa233 sp=0x00007f68c285ef70 mode 0
Event: 7.424 Executing VM operation: ParallelGCFailedAllocation


Dynamic libraries:
00400000-00401000 r-xp 00000000 08:07 10237519                           /usr/lib/jvm/java-8-oracle/bin/java
00600000-00601000 rw-p 00000000 08:07 10237519                           /usr/lib/jvm/java-8-oracle/bin/java
00b95000-00bb6000 rw-p 00000000 00:00 0                                  [heap]
c0000000-c2400000 rw-p 00000000 00:00 0 
c2400000-eab00000 ---p 00000000 00:00 0 
eab00000-ee700000 rw-p 00000000 00:00 0 
f4100000-100000000 ---p 00000000 00:00 0 
100000000-1000e0000 rw-p 00000000 00:00 0 
1000e0000-140000000 ---p 00000000 00:00 0 
7f686c000000-7f686c021000 rw-p 00000000 00:00 0 
7f686c021000-7f6870000000 ---p 00000000 00:00 0 
7f6870000000-7f6870021000 rw-p 00000000 00:00 0 
7f6870021000-7f6874000000 ---p 00000000 00:00 0 
7f6874000000-7f68746ff000 rw-p 00000000 00:00 0 
7f68746ff000-7f6878000000 ---p 00000000 00:00 0 
7f6878000000-7f687874f000 rw-p 00000000 00:00 0 
7f687874f000-7f687c000000 ---p 00000000 00:00 0 
7f687c000000-7f687c021000 rw-p 00000000 00:00 0 
7f687c021000-7f6880000000 ---p 00000000 00:00 0 
7f6880000000-7f6880cd3000 rw-p 00000000 00:00 0 
7f6880cd3000-7f6884000000 ---p 00000000 00:00 0 
7f6884000000-7f6884021000 rw-p 00000000 00:00 0 
7f6884021000-7f6888000000 ---p 00000000 00:00 0 
7f6888000000-7f6888021000 rw-p 00000000 00:00 0 
7f6888021000-7f688c000000 ---p 00000000 00:00 0 
7f688c000000-7f688c021000 rw-p 00000000 00:00 0 
7f688c021000-7f6890000000 ---p 00000000 00:00 0 
7f6894000000-7f6894021000 rw-p 00000000 00:00 0 
7f6894021000-7f6898000000 ---p 00000000 00:00 0 
7f6898000000-7f689828b000 rw-p 00000000 00:00 0 
7f689828b000-7f689c000000 ---p 00000000 00:00 0 
7f689c000000-7f689c021000 rw-p 00000000 00:00 0 
7f689c021000-7f68a0000000 ---p 00000000 00:00 0 
7f68a3116000-7f68a3117000 ---p 00000000 00:00 0 
7f68a3117000-7f68a3217000 rw-p 00000000 00:00 0                          [stack:5949]
7f68a3217000-7f68a321a000 ---p 00000000 00:00 0 
7f68a321a000-7f68a3318000 rw-p 00000000 00:00 0                          [stack:5948]
7f68a3318000-7f68a331b000 ---p 00000000 00:00 0 
7f68a331b000-7f68a3419000 rw-p 00000000 00:00 0                          [stack:5947]
7f68a3419000-7f68a341c000 ---p 00000000 00:00 0 
7f68a341c000-7f68a351a000 rw-p 00000000 00:00 0                          [stack:5946]
7f68a351a000-7f68a351d000 ---p 00000000 00:00 0 
7f68a351d000-7f68a361b000 rw-p 00000000 00:00 0                          [stack:5945]
7f68a361b000-7f68a361e000 ---p 00000000 00:00 0 
7f68a361e000-7f68a371c000 rw-p 00000000 00:00 0                          [stack:5944]
7f68a371c000-7f68a3dfe000 r--p 00000000 08:07 10099327                   /usr/lib/locale/locale-archive
7f68a3dfe000-7f68a3e01000 ---p 00000000 00:00 0 
7f68a3e01000-7f68a3eff000 rw-p 00000000 00:00 0                          [stack:5943]
7f68a3eff000-7f68a3f02000 ---p 00000000 00:00 0 
7f68a3f02000-7f68a4000000 rw-p 00000000 00:00 0                          [stack:5942]
7f68a4000000-7f68a4021000 rw-p 00000000 00:00 0 
7f68a4021000-7f68a8000000 ---p 00000000 00:00 0 
7f68a80b7000-7f68a80b8000 ---p 00000000 00:00 0 
7f68a80b8000-7f68a914b000 rw-p 00000000 00:00 0                          [stack:5941]
7f68a914b000-7f68a9323000 r--s 03d17000 08:07 10231628                   /usr/lib/jvm/java-8-oracle/jre/lib/rt.jar
7f68a9323000-7f68a9a99000 rw-p 00000000 00:00 0 
7f68a9a99000-7f68a9b99000 ---p 00000000 00:00 0 
7f68a9b99000-7f68abd99000 rw-p 00000000 00:00 0 
7f68abd99000-7f68abd9a000 ---p 00000000 00:00 0 
7f68abd9a000-7f68abe9a000 rw-p 00000000 00:00 0                          [stack:5940]
7f68abe9a000-7f68abe9b000 ---p 00000000 00:00 0 
7f68abe9b000-7f68abf9b000 rw-p 00000000 00:00 0                          [stack:5939]
7f68abf9b000-7f68abf9c000 ---p 00000000 00:00 0 
7f68abf9c000-7f68ac0ae000 rw-p 00000000 00:00 0                          [stack:5938]
7f68ac0ae000-7f68ac1f2000 ---p 00000000 00:00 0 
7f68ac1f2000-7f68ac204000 rw-p 00000000 00:00 0 
7f68ac204000-7f68ac347000 ---p 00000000 00:00 0 
7f68ac347000-7f68ac366000 rw-p 00000000 00:00 0 
7f68ac366000-7f68ac3f2000 ---p 00000000 00:00 0 
7f68ac3f2000-7f68ac410000 rw-p 00000000 00:00 0 
7f68ac410000-7f68ac7b3000 ---p 00000000 00:00 0 
7f68ac7b3000-7f68acec3000 rwxp 00000000 00:00 0 
7f68acec3000-7f68bb7b3000 ---p 00000000 00:00 0 
7f68bb7b3000-7f68bb7cd000 r-xp 00000000 08:07 10236033                   /usr/lib/jvm/java-8-oracle/jre/lib/amd64/libzip.so
7f68bb7cd000-7f68bb9cd000 ---p 0001a000 08:07 10236033                   /usr/lib/jvm/java-8-oracle/jre/lib/amd64/libzip.so
7f68bb9cd000-7f68bb9ce000 rw-p 0001a000 08:07 10236033                   /usr/lib/jvm/java-8-oracle/jre/lib/amd64/libzip.so
7f68bb9ce000-7f68bb9d9000 r-xp 00000000 08:07 13111642                   /lib/x86_64-linux-gnu/libnss_files-2.19.so
7f68bb9d9000-7f68bbbd8000 ---p 0000b000 08:07 13111642                   /lib/x86_64-linux-gnu/libnss_files-2.19.so
7f68bbbd8000-7f68bbbd9000 r--p 0000a000 08:07 13111642                   /lib/x86_64-linux-gnu/libnss_files-2.19.so
7f68bbbd9000-7f68bbbda000 rw-p 0000b000 08:07 13111642                   /lib/x86_64-linux-gnu/libnss_files-2.19.so
7f68bbbda000-7f68bbbe5000 r-xp 00000000 08:07 13111662                   /lib/x86_64-linux-gnu/libnss_nis-2.19.so
7f68bbbe5000-7f68bbde4000 ---p 0000b000 08:07 13111662                   /lib/x86_64-linux-gnu/libnss_nis-2.19.so
7f68bbde4000-7f68bbde5000 r--p 0000a000 08:07 13111662                   /lib/x86_64-linux-gnu/libnss_nis-2.19.so
7f68bbde5000-7f68bbde6000 rw-p 0000b000 08:07 13111662                   /lib/x86_64-linux-gnu/libnss_nis-2.19.so
7f68bbde6000-7f68bbdfd000 r-xp 00000000 08:07 13111651                   /lib/x86_64-linux-gnu/libnsl-2.19.so
7f68bbdfd000-7f68bbffc000 ---p 00017000 08:07 13111651                   /lib/x86_64-linux-gnu/libnsl-2.19.so
7f68bbffc000-7f68bbffd000 r--p 00016000 08:07 13111651                   /lib/x86_64-linux-gnu/libnsl-2.19.so
7f68bbffd000-7f68bbffe000 rw-p 00017000 08:07 13111651                   /lib/x86_64-linux-gnu/libnsl-2.19.so
7f68bbffe000-7f68bc000000 rw-p 00000000 00:00 0 
7f68bc000000-7f68bc397000 rw-p 00000000 00:00 0 
7f68bc397000-7f68c0000000 ---p 00000000 00:00 0 
7f68c0008000-7f68c0017000 r--s 000dd000 08:07 9832282                    /home/sreemoyee/Android/Sdk/build-tools/22.0.1/lib/dx.jar
7f68c0017000-7f68c0038000 rw-p 00000000 00:00 0 
7f68c0038000-7f68c0039000 ---p 00000000 00:00 0 
7f68c0039000-7f68c0139000 rw-p 00000000 00:00 0                          [stack:5937]
7f68c0139000-7f68c0142000 r-xp 00000000 08:07 13111650                   /lib/x86_64-linux-gnu/libnss_compat-2.19.so
7f68c0142000-7f68c0341000 ---p 00009000 08:07 13111650                   /lib/x86_64-linux-gnu/libnss_compat-2.19.so
7f68c0341000-7f68c0342000 r--p 00008000 08:07 13111650                   /lib/x86_64-linux-gnu/libnss_compat-2.19.so
7f68c0342000-7f68c0343000 rw-p 00009000 08:07 13111650                   /lib/x86_64-linux-gnu/libnss_compat-2.19.so
7f68c0343000-7f68c036d000 r-xp 00000000 08:07 10236020                   /usr/lib/jvm/java-8-oracle/jre/lib/amd64/libjava.so
7f68c036d000-7f68c056d000 ---p 0002a000 08:07 10236020                   /usr/lib/jvm/java-8-oracle/jre/lib/amd64/libjava.so
7f68c056d000-7f68c056f000 rw-p 0002a000 08:07 10236020                   /usr/lib/jvm/java-8-oracle/jre/lib/amd64/libjava.so
7f68c056f000-7f68c057c000 r-xp 00000000 08:07 10236013                   /usr/lib/jvm/java-8-oracle/jre/lib/amd64/libverify.so
7f68c057c000-7f68c077c000 ---p 0000d000 08:07 10236013                   /usr/lib/jvm/java-8-oracle/jre/lib/amd64/libverify.so
7f68c077c000-7f68c077e000 rw-p 0000d000 08:07 10236013                   /usr/lib/jvm/java-8-oracle/jre/lib/amd64/libverify.so
7f68c077e000-7f68c0785000 r-xp 00000000 08:07 13111659                   /lib/x86_64-linux-gnu/librt-2.19.so
7f68c0785000-7f68c0984000 ---p 00007000 08:07 13111659                   /lib/x86_64-linux-gnu/librt-2.19.so
7f68c0984000-7f68c0985000 r--p 00006000 08:07 13111659                   /lib/x86_64-linux-gnu/librt-2.19.so
7f68c0985000-7f68c0986000 rw-p 00007000 08:07 13111659                   /lib/x86_64-linux-gnu/librt-2.19.so
7f68c0986000-7f68c0a8b000 r-xp 00000000 08:07 13111641                   /lib/x86_64-linux-gnu/libm-2.19.so
7f68c0a8b000-7f68c0c8a000 ---p 00105000 08:07 13111641                   /lib/x86_64-linux-gnu/libm-2.19.so
7f68c0c8a000-7f68c0c8b000 r--p 00104000 08:07 13111641                   /lib/x86_64-linux-gnu/libm-2.19.so
7f68c0c8b000-7f68c0c8c000 rw-p 00105000 08:07 13111641                   /lib/x86_64-linux-gnu/libm-2.19.so
7f68c0c8c000-7f68c194a000 r-xp 00000000 08:07 10236059                   /usr/lib/jvm/java-8-oracle/jre/lib/amd64/server/libjvm.so
7f68c194a000-7f68c1b49000 ---p 00cbe000 08:07 10236059                   /usr/lib/jvm/java-8-oracle/jre/lib/amd64/server/libjvm.so
7f68c1b49000-7f68c1c21000 rw-p 00cbd000 08:07 10236059                   /usr/lib/jvm/java-8-oracle/jre/lib/amd64/server/libjvm.so
7f68c1c21000-7f68c1c66000 rw-p 00000000 00:00 0 
7f68c1c66000-7f68c1e21000 r-xp 00000000 08:07 13111656                   /lib/x86_64-linux-gnu/libc-2.19.so
7f68c1e21000-7f68c2020000 ---p 001bb000 08:07 13111656                   /lib/x86_64-linux-gnu/libc-2.19.so
7f68c2020000-7f68c2024000 r--p 001ba000 08:07 13111656                   /lib/x86_64-linux-gnu/libc-2.19.so
7f68c2024000-7f68c2026000 rw-p 001be000 08:07 13111656                   /lib/x86_64-linux-gnu/libc-2.19.so
7f68c2026000-7f68c202b000 rw-p 00000000 00:00 0 
7f68c202b000-7f68c202e000 r-xp 00000000 08:07 13111645                   /lib/x86_64-linux-gnu/libdl-2.19.so
7f68c202e000-7f68c222d000 ---p 00003000 08:07 13111645                   /lib/x86_64-linux-gnu/libdl-2.19.so
7f68c222d000-7f68c222e000 r--p 00002000 08:07 13111645                   /lib/x86_64-linux-gnu/libdl-2.19.so
7f68c222e000-7f68c222f000 rw-p 00003000 08:07 13111645                   /lib/x86_64-linux-gnu/libdl-2.19.so
7f68c222f000-7f68c2244000 r-xp 00000000 08:07 10237657                   /usr/lib/jvm/java-8-oracle/lib/amd64/jli/libjli.so
7f68c2244000-7f68c2444000 ---p 00015000 08:07 10237657                   /usr/lib/jvm/java-8-oracle/lib/amd64/jli/libjli.so
7f68c2444000-7f68c2445000 rw-p 00015000 08:07 10237657                   /usr/lib/jvm/java-8-oracle/lib/amd64/jli/libjli.so
7f68c2445000-7f68c245e000 r-xp 00000000 08:07 13111657                   /lib/x86_64-linux-gnu/libpthread-2.19.so
7f68c245e000-7f68c265d000 ---p 00019000 08:07 13111657                   /lib/x86_64-linux-gnu/libpthread-2.19.so
7f68c265d000-7f68c265e000 r--p 00018000 08:07 13111657                   /lib/x86_64-linux-gnu/libpthread-2.19.so
7f68c265e000-7f68c265f000 rw-p 00019000 08:07 13111657                   /lib/x86_64-linux-gnu/libpthread-2.19.so
7f68c265f000-7f68c2663000 rw-p 00000000 00:00 0 
7f68c2663000-7f68c2686000 r-xp 00000000 08:07 13111653                   /lib/x86_64-linux-gnu/ld-2.19.so
7f68c2689000-7f68c268a000 rw-p 00000000 00:00 0 
7f68c268a000-7f68c268e000 r--s 00095000 08:07 10237429                   /usr/lib/jvm/java-8-oracle/jre/lib/jsse.jar
7f68c268e000-7f68c2760000 rw-p 00000000 00:00 0 
7f68c2760000-7f68c2763000 ---p 00000000 00:00 0 
7f68c2763000-7f68c2879000 rw-p 00000000 00:00 0                          [stack:5936]
7f68c2879000-7f68c2881000 rw-s 00000000 08:07 9703185                    /tmp/hsperfdata_sreemoyee/5931
7f68c2881000-7f68c2882000 rw-p 00000000 00:00 0 
7f68c2882000-7f68c2883000 ---p 00000000 00:00 0 
7f68c2883000-7f68c2885000 rw-p 00000000 00:00 0 
7f68c2885000-7f68c2886000 r--p 00022000 08:07 13111653                   /lib/x86_64-linux-gnu/ld-2.19.so
7f68c2886000-7f68c2887000 rw-p 00023000 08:07 13111653                   /lib/x86_64-linux-gnu/ld-2.19.so
7f68c2887000-7f68c2888000 rw-p 00000000 00:00 0 
7ffc1825f000-7ffc18281000 rw-p 00000000 00:00 0                          [stack]
7ffc18281000-7ffc18283000 r-xp 00000000 00:00 0                          [vdso]
ffffffffff600000-ffffffffff601000 r-xp 00000000 00:00 0                  [vsyscall]

VM Arguments:
jvm_args: -Xmx1024M -Dfile.encoding=UTF-8 -Duser.country=IN -Duser.language=en -Duser.variant 
java_command: com.android.dx.command.Main --dex --output /home/sreemoyee/AndroidStudioProjects/Movie/app/build/intermediates/dex/debug /home/sreemoyee/AndroidStudioProjects/Movie/app/build/intermediates/classes/debug /home/sreemoyee/AndroidStudioProjects/Movie/app/build/intermediates/pre-dexed/debug/support-annotations-22.2.0-eefa1963383eaa088b1d3cef9bd19ca63a6e9181.jar /home/sreemoyee/AndroidStudioProjects/Movie/app/build/intermediates/pre-dexed/debug/gson-2.2.4-6e64ece576f69fde8ad53f6f91391ba3092a0a47.jar /home/sreemoyee/AndroidStudioProjects/Movie/app/build/intermediates/pre-dexed/debug/internal_impl-22.2.0-e1be1779a4b61d0933aae845af8b42b2a1baea9a.jar /home/sreemoyee/AndroidStudioProjects/Movie/app/build/intermediates/pre-dexed/debug/glide-3.5.2-670212e5d99a69527488e03f359db6de871dda4a.jar /home/sreemoyee/AndroidStudioProjects/Movie/app/build/intermediates/pre-dexed/debug/classes-78ec1f8982fa18eee22ebc16435a704959b3a59a.jar /home/sreemoyee/AndroidStudioProjects/Movie/app/build/intermediates/pre-dexed/debug/classes-9ff8e5b7c0e9c6b5a03391a37b8aa70cd6b8ca9e.jar
java_class_path (initial): /home/sreemoyee/Android/Sdk/build-tools/22.0.1/lib/dx.jar
Launcher Type: SUN_STANDARD

Environment Variables:
PATH=/usr/local/sbin:/usr/local/bin:/usr/sbin:/usr/bin:/sbin:/bin:/usr/games:/usr/local/games:/usr/bin
LD_LIBRARY_PATH=.:/usr/lib32
SHELL=/bin/bash
DISPLAY=:0

Signal Handlers:
SIGSEGV: [libjvm.so+0xaba070], sa_mask[0]=11111111011111111101111111111110, sa_flags=SA_RESTART|SA_SIGINFO
SIGBUS: [libjvm.so+0xaba070], sa_mask[0]=11111111011111111101111111111110, sa_flags=SA_RESTART|SA_SIGINFO
SIGFPE: [libjvm.so+0x917630], sa_mask[0]=11111111011111111101111111111110, sa_flags=SA_RESTART|SA_SIGINFO
SIGPIPE: [libjvm.so+0x917630], sa_mask[0]=11111111011111111101111111111110, sa_flags=SA_RESTART|SA_SIGINFO
SIGXFSZ: [libjvm.so+0x917630], sa_mask[0]=11111111011111111101111111111110, sa_flags=SA_RESTART|SA_SIGINFO
SIGILL: [libjvm.so+0x917630], sa_mask[0]=11111111011111111101111111111110, sa_flags=SA_RESTART|SA_SIGINFO
SIGUSR1: SIG_DFL, sa_mask[0]=00000000000000000000000000000000, sa_flags=none
SIGUSR2: [libjvm.so+0x918c60], sa_mask[0]=00100000000000000000000000000000, sa_flags=SA_RESTART|SA_SIGINFO
SIGHUP: [libjvm.so+0x91a060], sa_mask[0]=11111111011111111101111111111110, sa_flags=SA_RESTART|SA_SIGINFO
SIGINT: [libjvm.so+0x91a060], sa_mask[0]=11111111011111111101111111111110, sa_flags=SA_RESTART|SA_SIGINFO
SIGTERM: [libjvm.so+0x91a060], sa_mask[0]=11111111011111111101111111111110, sa_flags=SA_RESTART|SA_SIGINFO
SIGQUIT: [libjvm.so+0x91a060], sa_mask[0]=11111111011111111101111111111110, sa_flags=SA_RESTART|SA_SIGINFO


---------------  S Y S T E M  ---------------

OS:DISTRIB_ID=Ubuntu
DISTRIB_RELEASE=14.04
DISTRIB_CODENAME=trusty
DISTRIB_DESCRIPTION="Ubuntu 14.04.3 LTS"

uname:Linux 3.13.0-62-generic #102-Ubuntu SMP Tue Aug 11 14:29:36 UTC 2015 x86_64
libc:glibc 2.19 NPTL 2.19 
rlimit: STACK 8192k, CORE 0k, NPROC 26620, NOFILE 4096, AS infinity
load average:2.13 0.93 0.64

/proc/meminfo:
MemTotal:        3476016 kB
MemFree:          139732 kB
Buffers:             844 kB
Cached:            33448 kB
SwapCached:            0 kB
Active:          2926388 kB
Inactive:          23076 kB
Active(anon):    2916708 kB
Inactive(anon):     5820 kB
Active(file):       9680 kB
Inactive(file):    17256 kB
Unevictable:          32 kB
Mlocked:              32 kB
SwapTotal:             0 kB
SwapFree:              0 kB
Dirty:              1624 kB
Writeback:             0 kB
AnonPages:       2915720 kB
Mapped:           143396 kB
Shmem:              6840 kB
Slab:              56084 kB
SReclaimable:      24596 kB
SUnreclaim:        31488 kB
KernelStack:        3944 kB
PageTables:        26416 kB
NFS_Unstable:          0 kB
Bounce:                0 kB
WritebackTmp:          0 kB
CommitLimit:     1738008 kB
Committed_AS:    5202744 kB
VmallocTotal:   34359738367 kB
VmallocUsed:      142532 kB
VmallocChunk:   34359590876 kB
HardwareCorrupted:     0 kB
AnonHugePages:   1210368 kB
HugePages_Total:       0
HugePages_Free:        0
HugePages_Rsvd:        0
HugePages_Surp:        0
Hugepagesize:       2048 kB
DirectMap4k:      196060 kB
DirectMap2M:     2369536 kB
DirectMap1G:     1048576 kB


CPU:total 4 (4 cores per cpu, 1 threads per core) family 22 model 48 stepping 1, cmov, cx8, fxsr, mmx, sse, sse2, sse3, ssse3, sse4.1, sse4.2, popcnt, avx, aes, clmul, mmxext, 3dnowpref, lzcnt, sse4a, tsc, tscinvbit, tscinv, bmi1

/proc/cpuinfo:
processor	: 0
vendor_id	: AuthenticAMD
cpu family	: 22
model		: 48
model name	: AMD A8-6410 APU with AMD Radeon R5 Graphics
stepping	: 1
microcode	: 0x7030104
cpu MHz		: 1000.000
cache size	: 2048 KB
physical id	: 0
siblings	: 4
core id		: 0
cpu cores	: 4
apicid		: 0
initial apicid	: 0
fpu		: yes
fpu_exception	: yes
cpuid level	: 13
wp		: yes
flags		: fpu vme de pse tsc msr pae mce cx8 apic sep mtrr pge mca cmov pat pse36 clflush mmx fxsr sse sse2 ht syscall nx mmxext fxsr_opt pdpe1gb rdtscp lm constant_tsc rep_good nopl nonstop_tsc extd_apicid aperfmperf eagerfpu pni pclmulqdq monitor ssse3 cx16 sse4_1 sse4_2 movbe popcnt aes xsave avx f16c rdrand lahf_lm cmp_legacy svm extapic cr8_legacy abm sse4a misalignsse 3dnowprefetch osvw ibs skinit wdt topoext perfctr_nb perfctr_l2 arat cpb xsaveopt hw_pstate npt lbrv svm_lock nrip_save tsc_scale flushbyasid decodeassists pausefilter pfthreshold vmmcall bmi1
bogomips	: 3992.48
TLB size	: 1024 4K pages
clflush size	: 64
cache_alignment	: 64
address sizes	: 40 bits physical, 48 bits virtual
power management: ts ttp tm 100mhzsteps hwpstate cpb [12] [13]

processor	: 1
vendor_id	: AuthenticAMD
cpu family	: 22
model		: 48
model name	: AMD A8-6410 APU with AMD Radeon R5 Graphics    
stepping	: 1
microcode	: 0x7030104
cpu MHz		: 1000.000
cache size	: 2048 KB
physical id	: 0
siblings	: 4
core id		: 1
cpu cores	: 4
apicid		: 1
initial apicid	: 1
fpu		: yes
fpu_exception	: yes
cpuid level	: 13
wp		: yes
flags		: fpu vme de pse tsc msr pae mce cx8 apic sep mtrr pge mca cmov pat pse36 clflush mmx fxsr sse sse2 ht syscall nx mmxext fxsr_opt pdpe1gb rdtscp lm constant_tsc rep_good nopl nonstop_tsc extd_apicid aperfmperf eagerfpu pni pclmulqdq monitor ssse3 cx16 sse4_1 sse4_2 movbe popcnt aes xsave avx f16c rdrand lahf_lm cmp_legacy svm extapic cr8_legacy abm sse4a misalignsse 3dnowprefetch osvw ibs skinit wdt topoext perfctr_nb perfctr_l2 arat cpb xsaveopt hw_pstate npt lbrv svm_lock nrip_save tsc_scale flushbyasid decodeassists pausefilter pfthreshold vmmcall bmi1
bogomips	: 3992.48
TLB size	: 1024 4K pages
clflush size	: 64
cache_alignment	: 64
address sizes	: 40 bits physical, 48 bits virtual
power management: ts ttp tm 100mhzsteps hwpstate cpb [12] [13]

processor	: 2
vendor_id	: AuthenticAMD
cpu family	: 22
model		: 48
model name	: AMD A8-6410 APU with AMD Radeon R5 Graphics    
stepping	: 1
microcode	: 0x7030104
cpu MHz		: 1000.000
cache size	: 2048 KB
physical id	: 0
siblings	: 4
core id		: 2
cpu cores	: 4
apicid		: 2
initial apicid	: 2
fpu		: yes
fpu_exception	: yes
cpuid level	: 13
wp		: yes
flags		: fpu vme de pse tsc msr pae mce cx8 apic sep mtrr pge mca cmov pat pse36 clflush mmx fxsr sse sse2 ht syscall nx mmxext fxsr_opt pdpe1gb rdtscp lm constant_tsc rep_good nopl nonstop_tsc extd_apicid aperfmperf eagerfpu pni pclmulqdq monitor ssse3 cx16 sse4_1 sse4_2 movbe popcnt aes xsave avx f16c rdrand lahf_lm cmp_legacy svm extapic cr8_legacy abm sse4a misalignsse 3dnowprefetch osvw ibs skinit wdt topoext perfctr_nb perfctr_l2 arat cpb xsaveopt hw_pstate npt lbrv svm_lock nrip_save tsc_scale flushbyasid decodeassists pausefilter pfthreshold vmmcall bmi1
bogomips	: 3992.48
TLB size	: 1024 4K pages
clflush size	: 64
cache_alignment	: 64
address sizes	: 40 bits physical, 48 bits virtual
power management: ts ttp tm 100mhzsteps hwpstate cpb [12] [13]

processor	: 3
vendor_id	: AuthenticAMD
cpu family	: 22
model		: 48
model name	: AMD A8-6410 APU with AMD Radeon R5 Graphics    
stepping	: 1
microcode	: 0x7030104
cpu MHz		: 1000.000
cache size	: 2048 KB
physical id	: 0
siblings	: 4
core id		: 3
cpu cores	: 4
apicid		: 3
initial apicid	: 3
fpu		: yes
fpu_exception	: yes
cpuid level	: 13
wp		: yes
flags		: fpu vme de pse tsc msr pae mce cx8 apic sep mtrr pge mca cmov pat pse36 clflush mmx fxsr sse sse2 ht syscall nx mmxext fxsr_opt pdpe1gb rdtscp lm constant_tsc rep_good nopl nonstop_tsc extd_apicid aperfmperf eagerfpu pni pclmulqdq monitor ssse3 cx16 sse4_1 sse4_2 movbe popcnt aes xsave avx f16c rdrand lahf_lm cmp_legacy svm extapic cr8_legacy abm sse4a misalignsse 3dnowprefetch osvw ibs skinit wdt topoext perfctr_nb perfctr_l2 arat cpb xsaveopt hw_pstate npt lbrv svm_lock nrip_save tsc_scale flushbyasid decodeassists pausefilter pfthreshold vmmcall bmi1
bogomips	: 3992.48
TLB size	: 1024 4K pages
clflush size	: 64
cache_alignment	: 64
address sizes	: 40 bits physical, 48 bits virtual
power management: ts ttp tm 100mhzsteps hwpstate cpb [12] [13]



Memory: 4k page, physical 3476016k(139732k free), swap 0k(0k free)

vm_info: Java HotSpot(TM) 64-Bit Server VM (25.60-b23) for linux-amd64 JRE (1.8.0_60-b27), built on Aug  4 2015 12:19:40 by "java_re" with gcc 4.3.0 20080428 (Red Hat 4.3.0-8)

time: Thu Sep  3 12:48:46 2015
elapsed time: 9 seconds (0d 0h 0m 9s)

