#
# There is insufficient memory for the Java Runtime Environment to continue.
# Native memory allocation (mmap) failed to map 69206016 bytes for committing reserved memory.
# Possible reasons:
#   The system is out of physical RAM or swap space
#   In 32 bit mode, the process size limit was hit
# Possible solutions:
#   Reduce memory load on the system
#   Increase physical memory or swap space
#   Check if swap backing store is full
#   Use 64 bit Java on a 64 bit OS
#   Decrease Java heap size (-Xmx/-Xms)
#   Decrease number of Java threads
#   Decrease Java thread stack sizes (-Xss)
#   Set larger code cache with -XX:ReservedCodeCacheSize=
# This output file may be truncated or incomplete.
#
#  Out of Memory Error (os_linux.cpp:2627), pid=10651, tid=139620150900480
#
# JRE version: Java(TM) SE Runtime Environment (8.0_60-b27) (build 1.8.0_60-b27)
# Java VM: Java HotSpot(TM) 64-Bit Server VM (25.60-b23 mixed mode linux-amd64 compressed oops)
# Failed to write core dump. Core dumps have been disabled. To enable core dumping, try "ulimit -c unlimited" before starting Java again
#

---------------  T H R E A D  ---------------

Current thread (0x00007efbf0078000):  VMThread [stack: 0x00007efbd96f7000,0x00007efbd97f8000] [id=10662]

Stack: [0x00007efbd96f7000,0x00007efbd97f8000],  sp=0x00007efbd97f5f60,  free space=1019k
Native frames: (J=compiled Java code, j=interpreted, Vv=VM code, C=native code)
V  [libjvm.so+0xab97ea]  VMError::report_and_die()+0x2ba
V  [libjvm.so+0x4f9dab]  report_vm_out_of_memory(char const*, int, unsigned long, VMErrorType, char const*)+0x8b
V  [libjvm.so+0x91a7c3]  os::Linux::commit_memory_impl(char*, unsigned long, bool)+0x103
V  [libjvm.so+0x91ad19]  os::pd_commit_memory(char*, unsigned long, unsigned long, bool)+0x29
V  [libjvm.so+0x91502a]  os::commit_memory(char*, unsigned long, unsigned long, bool)+0x2a
V  [libjvm.so+0x9886d3]  PSVirtualSpace::expand_by(unsigned long)+0x53
V  [libjvm.so+0x989ad8]  PSYoungGen::resize_generation(unsigned long, unsigned long)+0xf8
V  [libjvm.so+0x988c32]  PSYoungGen::resize(unsigned long, unsigned long)+0x22
V  [libjvm.so+0x985f0b]  PSScavenge::invoke_no_policy()+0xf3b
V  [libjvm.so+0x986691]  PSScavenge::invoke()+0x41
V  [libjvm.so+0x93e430]  ParallelScavengeHeap::failed_mem_allocate(unsigned long)+0x70
V  [libjvm.so+0xabb207]  VM_ParallelGCFailedAllocation::doit()+0x97
V  [libjvm.so+0xac2c35]  VM_Operation::evaluate()+0x55
V  [libjvm.so+0xac100a]  VMThread::evaluate_operation(VM_Operation*)+0xba
V  [libjvm.so+0xac138e]  VMThread::loop()+0x1ce
V  [libjvm.so+0xac1800]  VMThread::run()+0x70
V  [libjvm.so+0x91cb88]  java_start(Thread*)+0x108

VM_Operation (0x00007efbf7fd8120): ParallelGCFailedAllocation, mode: safepoint, requested by thread 0x00007efbf000a800


---------------  P R O C E S S  ---------------

Java Threads: ( => current thread )
  0x00007efbf00c8000 JavaThread "Service Thread" daemon [_thread_blocked, id=10669, stack(0x00007efbd890e000,0x00007efbd8a0f000)]
  0x00007efbf00bb000 JavaThread "C1 CompilerThread2" daemon [_thread_blocked, id=10668, stack(0x00007efbd8a0f000,0x00007efbd8b10000)]
  0x00007efbf00b9000 JavaThread "C2 CompilerThread1" daemon [_thread_blocked, id=10667, stack(0x00007efbd8b10000,0x00007efbd8c11000)]
  0x00007efbf00b6800 JavaThread "C2 CompilerThread0" daemon [_thread_blocked, id=10666, stack(0x00007efbd8c11000,0x00007efbd8d12000)]
  0x00007efbf00b5000 JavaThread "Signal Dispatcher" daemon [_thread_blocked, id=10665, stack(0x00007efbd8d12000,0x00007efbd8e13000)]
  0x00007efbf007f800 JavaThread "Finalizer" daemon [_thread_blocked, id=10664, stack(0x00007efbd94f5000,0x00007efbd95f6000)]
  0x00007efbf007d000 JavaThread "Reference Handler" daemon [_thread_blocked, id=10663, stack(0x00007efbd95f6000,0x00007efbd96f7000)]
  0x00007efbf000a800 JavaThread "main" [_thread_blocked, id=10657, stack(0x00007efbf7ed9000,0x00007efbf7fda000)]

Other Threads:
=>0x00007efbf0078000 VMThread [stack: 0x00007efbd96f7000,0x00007efbd97f8000] [id=10662]
  0x00007efbf00cb000 WatcherThread [stack: 0x00007efbd880d000,0x00007efbd890e000] [id=10670]

VM state:at safepoint (normal execution)

VM Mutex/Monitor currently owned by a thread:  ([mutex/lock_event])
[0x00007efbf0006990] Threads_lock - owner thread: 0x00007efbf0078000
[0x00007efbf0006e90] Heap_lock - owner thread: 0x00007efbf000a800

Heap:
 PSYoungGen      total 59392K, used 2029K [0x00000000eab00000, 0x00000000ee700000, 0x0000000100000000)
  eden space 57344K, 0% used [0x00000000eab00000,0x00000000eab00000,0x00000000ee300000)
  from space 2048K, 99% used [0x00000000ee300000,0x00000000ee4fb5d0,0x00000000ee500000)
  to   space 2048K, 0% used [0x00000000ee500000,0x00000000ee500000,0x00000000ee700000)
 ParOldGen       total 45056K, used 14852K [0x00000000c0000000, 0x00000000c2c00000, 0x00000000eab00000)
  object space 45056K, 32% used [0x00000000c0000000,0x00000000c0e81338,0x00000000c2c00000)
 Metaspace       used 7548K, capacity 7896K, committed 8064K, reserved 1056768K
  class space    used 750K, capacity 784K, committed 896K, reserved 1048576K

Card table byte_map: [0x00007efbf4aa4000,0x00007efbf4ca5000] byte_map_base: 0x00007efbf44a4000

Marking Bits: (ParMarkBitMap*) 0x00007efbf73b3de0
 Begin Bits: [0x00007efbda000000, 0x00007efbdb000000)
 End Bits:   [0x00007efbdb000000, 0x00007efbdc000000)

Polling page: 0x00007efbf7ffb000

CodeCache: size=245760Kb used=7225Kb max_used=7225Kb free=238534Kb
 bounds [0x00007efbe1000000, 0x00007efbe1720000, 0x00007efbf0000000]
 total_blobs=2514 nmethods=2220 adapters=208
 compilation: enabled

Compilation events (10 events):
Event: 6.041 Thread 0x00007efbf00bb000 2297       2       com.android.dx.io.instructions.InstructionCodec$32::encode (95 bytes)
Event: 6.043 Thread 0x00007efbf00bb000 nmethod 2297 0x00007efbe1713790 code [0x00007efbe1713960, 0x00007efbe1713f68]
Event: 6.051 Thread 0x00007efbf00bb000 2298       2       com.android.dx.io.instructions.InstructionCodec$17::decode (46 bytes)
Event: 6.052 Thread 0x00007efbf00bb000 nmethod 2298 0x00007efbe1715a50 code [0x00007efbe1715be0, 0x00007efbe1715f78]
Event: 6.052 Thread 0x00007efbf00bb000 2299       2       com.android.dx.io.instructions.InstructionCodec$17::encode (29 bytes)
Event: 6.053 Thread 0x00007efbf00bb000 nmethod 2299 0x00007efbe17162d0 code [0x00007efbe1716480, 0x00007efbe1716748]
Event: 6.055 Thread 0x00007efbf00bb000 2300       1       com.android.dx.io.instructions.SparseSwitchPayloadDecodedInstruction::getKeys (5 bytes)
Event: 6.056 Thread 0x00007efbf00bb000 nmethod 2300 0x00007efbe170b650 code [0x00007efbe170b7a0, 0x00007efbe170b8b0]
Event: 6.056 Thread 0x00007efbf00bb000 2301       1       com.android.dx.io.instructions.SparseSwitchPayloadDecodedInstruction::getTargets (5 bytes)
Event: 6.056 Thread 0x00007efbf00bb000 nmethod 2301 0x00007efbe1704ed0 code [0x00007efbe1705020, 0x00007efbe1705130]

GC Heap History (10 events):
Event: 2.573 GC heap after
Heap after GC invocations=1 (full 0):
 PSYoungGen      total 16384K, used 2033K [0x00000000eab00000, 0x00000000ecb00000, 0x0000000100000000)
  eden space 14336K, 0% used [0x00000000eab00000,0x00000000eab00000,0x00000000eb900000)
  from space 2048K, 99% used [0x00000000eb900000,0x00000000ebafc6d0,0x00000000ebb00000)
  to   space 2048K, 0% used [0x00000000ec900000,0x00000000ec900000,0x00000000ecb00000)
 ParOldGen       total 36864K, used 1701K [0x00000000c0000000, 0x00000000c2400000, 0x00000000eab00000)
  object space 36864K, 4% used [0x00000000c0000000,0x00000000c01a9578,0x00000000c2400000)
 Metaspace       used 5246K, capacity 6704K, committed 6784K, reserved 1056768K
  class space    used 533K, capacity 616K, committed 640K, reserved 1048576K
}
Event: 2.982 GC heap before
{Heap before GC invocations=2 (full 0):
 PSYoungGen      total 16384K, used 16369K [0x00000000eab00000, 0x00000000ecb00000, 0x0000000100000000)
  eden space 14336K, 100% used [0x00000000eab00000,0x00000000eb900000,0x00000000eb900000)
  from space 2048K, 99% used [0x00000000eb900000,0x00000000ebafc6d0,0x00000000ebb00000)
  to   space 2048K, 0% used [0x00000000ec900000,0x00000000ec900000,0x00000000ecb00000)
 ParOldGen       total 36864K, used 1701K [0x00000000c0000000, 0x00000000c2400000, 0x00000000eab00000)
  object space 36864K, 4% used [0x00000000c0000000,0x00000000c01a9578,0x00000000c2400000)
 Metaspace       used 5405K, capacity 6896K, committed 7040K, reserved 1056768K
  class space    used 534K, capacity 616K, committed 640K, reserved 1048576K
Event: 3.025 GC heap after
Heap after GC invocations=2 (full 0):
 PSYoungGen      total 30720K, used 2035K [0x00000000eab00000, 0x00000000ecb00000, 0x0000000100000000)
  eden space 28672K, 0% used [0x00000000eab00000,0x00000000eab00000,0x00000000ec700000)
  from space 2048K, 99% used [0x00000000ec900000,0x00000000ecafcfd0,0x00000000ecb00000)
  to   space 2048K, 0% used [0x00000000ec700000,0x00000000ec700000,0x00000000ec900000)
 ParOldGen       total 36864K, used 3425K [0x00000000c0000000, 0x00000000c2400000, 0x00000000eab00000)
  object space 36864K, 9% used [0x00000000c0000000,0x00000000c03584c0,0x00000000c2400000)
 Metaspace       used 5405K, capacity 6896K, committed 7040K, reserved 1056768K
  class space    used 534K, capacity 616K, committed 640K, reserved 1048576K
}
Event: 5.161 GC heap before
{Heap before GC invocations=3 (full 0):
 PSYoungGen      total 30720K, used 29531K [0x00000000eab00000, 0x00000000ecb00000, 0x0000000100000000)
  eden space 28672K, 95% used [0x00000000eab00000,0x00000000ec5d9e50,0x00000000ec700000)
  from space 2048K, 99% used [0x00000000ec900000,0x00000000ecafcfd0,0x00000000ecb00000)
  to   space 2048K, 0% used [0x00000000ec700000,0x00000000ec700000,0x00000000ec900000)
 ParOldGen       total 36864K, used 3425K [0x00000000c0000000, 0x00000000c2400000, 0x00000000eab00000)
  object space 36864K, 9% used [0x00000000c0000000,0x00000000c03584c0,0x00000000c2400000)
 Metaspace       used 7491K, capacity 7896K, committed 8064K, reserved 1056768K
  class space    used 749K, capacity 784K, committed 896K, reserved 1048576K
Event: 5.179 GC heap after
Heap after GC invocations=3 (full 0):
 PSYoungGen      total 30720K, used 2038K [0x00000000eab00000, 0x00000000ee700000, 0x0000000100000000)
  eden space 28672K, 0% used [0x00000000eab00000,0x00000000eab00000,0x00000000ec700000)
  from space 2048K, 99% used [0x00000000ec700000,0x00000000ec8fd820,0x00000000ec900000)
  to   space 2048K, 0% used [0x00000000ee500000,0x00000000ee500000,0x00000000ee700000)
 ParOldGen       total 36864K, used 8455K [0x00000000c0000000, 0x00000000c2400000, 0x00000000eab00000)
  object space 36864K, 22% used [0x00000000c0000000,0x00000000c0841f90,0x00000000c2400000)
 Metaspace       used 7491K, capacity 7896K, committed 8064K, reserved 1056768K
  class space    used 749K, capacity 784K, committed 896K, reserved 1048576K
}
Event: 5.512 GC heap before
{Heap before GC invocations=4 (full 0):
 PSYoungGen      total 30720K, used 30710K [0x00000000eab00000, 0x00000000ee700000, 0x0000000100000000)
  eden space 28672K, 100% used [0x00000000eab00000,0x00000000ec700000,0x00000000ec700000)
  from space 2048K, 99% used [0x00000000ec700000,0x00000000ec8fd820,0x00000000ec900000)
  to   space 2048K, 0% used [0x00000000ee500000,0x00000000ee500000,0x00000000ee700000)
 ParOldGen       total 36864K, used 8455K [0x00000000c0000000, 0x00000000c2400000, 0x00000000eab00000)
  object space 36864K, 22% used [0x00000000c0000000,0x00000000c0841f90,0x00000000c2400000)
 Metaspace       used 7523K, capacity 7896K, committed 8064K, reserved 1056768K
  class space    used 749K, capacity 784K, committed 896K, reserved 1048576K
Event: 5.552 GC heap after
Heap after GC invocations=4 (full 0):
 PSYoungGen      total 59392K, used 2023K [0x00000000eab00000, 0x00000000ee700000, 0x0000000100000000)
  eden space 57344K, 0% used [0x00000000eab00000,0x00000000eab00000,0x00000000ee300000)
  from space 2048K, 98% used [0x00000000ee500000,0x00000000ee6f9f58,0x00000000ee700000)
  to   space 2048K, 0% used [0x00000000ee300000,0x00000000ee300000,0x00000000ee500000)
 ParOldGen       total 36864K, used 23670K [0x00000000c0000000, 0x00000000c2400000, 0x00000000eab00000)
  object space 36864K, 64% used [0x00000000c0000000,0x00000000c171d878,0x00000000c2400000)
 Metaspace       used 7523K, capacity 7896K, committed 8064K, reserved 1056768K
  class space    used 749K, capacity 784K, committed 896K, reserved 1048576K
}
Event: 5.572 GC heap before
{Heap before GC invocations=5 (full 1):
 PSYoungGen      total 59392K, used 2023K [0x00000000eab00000, 0x00000000ee700000, 0x0000000100000000)
  eden space 57344K, 0% used [0x00000000eab00000,0x00000000eab00000,0x00000000ee300000)
  from space 2048K, 98% used [0x00000000ee500000,0x00000000ee6f9f58,0x00000000ee700000)
  to   space 2048K, 0% used [0x00000000ee300000,0x00000000ee300000,0x00000000ee500000)
 ParOldGen       total 36864K, used 23670K [0x00000000c0000000, 0x00000000c2400000, 0x00000000eab00000)
  object space 36864K, 64% used [0x00000000c0000000,0x00000000c171d878,0x00000000c2400000)
 Metaspace       used 7523K, capacity 7896K, committed 8064K, reserved 1056768K
  class space    used 749K, capacity 784K, committed 896K, reserved 1048576K
Event: 5.687 GC heap after
Heap after GC invocations=5 (full 1):
 PSYoungGen      total 59392K, used 0K [0x00000000eab00000, 0x00000000ee700000, 0x0000000100000000)
  eden space 57344K, 0% used [0x00000000eab00000,0x00000000eab00000,0x00000000ee300000)
  from space 2048K, 0% used [0x00000000ee500000,0x00000000ee500000,0x00000000ee700000)
  to   space 2048K, 0% used [0x00000000ee300000,0x00000000ee300000,0x00000000ee500000)
 ParOldGen       total 45056K, used 11935K [0x00000000c0000000, 0x00000000c2c00000, 0x00000000eab00000)
  object space 45056K, 26% used [0x00000000c0000000,0x00000000c0ba7cd8,0x00000000c2c00000)
 Metaspace       used 7523K, capacity 7896K, committed 8064K, reserved 1056768K
  class space    used 749K, capacity 784K, committed 896K, reserved 1048576K
}
Event: 10.625 GC heap before
{Heap before GC invocations=6 (full 1):
 PSYoungGen      total 59392K, used 57344K [0x00000000eab00000, 0x00000000ee700000, 0x0000000100000000)
  eden space 57344K, 100% used [0x00000000eab00000,0x00000000ee300000,0x00000000ee300000)
  from space 2048K, 0% used [0x00000000ee500000,0x00000000ee500000,0x00000000ee700000)
  to   space 2048K, 0% used [0x00000000ee300000,0x00000000ee300000,0x00000000ee500000)
 ParOldGen       total 45056K, used 11935K [0x00000000c0000000, 0x00000000c2c00000, 0x00000000eab00000)
  object space 45056K, 26% used [0x00000000c0000000,0x00000000c0ba7cd8,0x00000000c2c00000)
 Metaspace       used 7548K, capacity 7896K, committed 8064K, reserved 1056768K
  class space    used 750K, capacity 784K, committed 896K, reserved 1048576K

Deoptimization events (10 events):
Event: 4.766 Thread 0x00007efbf000a800 Uncommon trap: reason=unstable_if action=reinterpret pc=0x00007efbe11dd278 method=sun.misc.MetaIndex.mayContain(Ljava/lang/String;)Z @ 13
Event: 4.913 Thread 0x00007efbf000a800 Uncommon trap: reason=predicate action=maybe_recompile pc=0x00007efbe15d0d90 method=com.android.dex.Leb128.readUnsignedLeb128(Lcom/android/dex/util/ByteInput;)I @ 41
Event: 4.957 Thread 0x00007efbf000a800 Uncommon trap: reason=unstable_if action=reinterpret pc=0x00007efbe14b09d8 method=java.util.HashMap.getNode(ILjava/lang/Object;)Ljava/util/HashMap$Node; @ 84
Event: 4.960 Thread 0x00007efbf000a800 Uncommon trap: reason=unstable_if action=reinterpret pc=0x00007efbe1507f4c method=java.util.HashMap.getNode(ILjava/lang/Object;)Ljava/util/HashMap$Node; @ 84
Event: 5.181 Thread 0x00007efbf000a800 Uncommon trap: reason=unstable_if action=reinterpret pc=0x00007efbe1619520 method=com.android.dex.Mutf8.decode(Lcom/android/dex/util/ByteInput;[C)Ljava/lang/String; @ 37
Event: 5.182 Thread 0x00007efbf000a800 Uncommon trap: reason=unstable_if action=reinterpret pc=0x00007efbe1663848 method=com.android.dex.Mutf8.countBytes(Ljava/lang/String;Z)J @ 28
Event: 5.182 Thread 0x00007efbf000a800 Uncommon trap: reason=unstable_if action=reinterpret pc=0x00007efbe1599928 method=com.android.dex.Mutf8.encode([BILjava/lang/String;)V @ 24
Event: 5.385 Thread 0x00007efbf000a800 Uncommon trap: reason=unstable_if action=reinterpret pc=0x00007efbe15896cc method=com.android.dex.Mutf8.decode(Lcom/android/dex/util/ByteInput;[C)Ljava/lang/String; @ 37
Event: 5.385 Thread 0x00007efbf000a800 Uncommon trap: reason=unstable_if action=reinterpret pc=0x00007efbe1660d60 method=com.android.dex.Mutf8.countBytes(Ljava/lang/String;Z)J @ 28
Event: 5.937 Thread 0x00007efbf000a800 Uncommon trap: reason=unstable_if action=reinterpret pc=0x00007efbe16eabbc method=com.android.dx.merge.DexMerger$IdMerger.mergeSorted()V @ 261

Internal exceptions (6 events):
Event: 0.728 Thread 0x00007efbf000a800 Exception <a 'java/lang/NoSuchMethodError': Method sun.misc.Unsafe.defineClass(Ljava/lang/String;[BII)Ljava/lang/Class; name or signature does not match> (0x00000000eab129f8) thrown at [/HUDSON/workspace/8-2-build-linux-amd64/jdk8u60/4407/hotspot/src/shar
Event: 0.728 Thread 0x00007efbf000a800 Exception <a 'java/lang/NoSuchMethodError': Method sun.misc.Unsafe.prefetchRead(Ljava/lang/Object;J)V name or signature does not match> (0x00000000eab12ce0) thrown at [/HUDSON/workspace/8-2-build-linux-amd64/jdk8u60/4407/hotspot/src/share/vm/prims/jni.cpp
Event: 4.766 Thread 0x00007efbf000a800 Exception <a 'java/security/PrivilegedActionException'> (0x00000000eba009d0) thrown at [/HUDSON/workspace/8-2-build-linux-amd64/jdk8u60/4407/hotspot/src/share/vm/prims/jvm.cpp, line 1386]
Event: 4.766 Thread 0x00007efbf000a800 Exception <a 'java/security/PrivilegedActionException'> (0x00000000eba00dc8) thrown at [/HUDSON/workspace/8-2-build-linux-amd64/jdk8u60/4407/hotspot/src/share/vm/prims/jvm.cpp, line 1386]
Event: 4.767 Thread 0x00007efbf000a800 Exception <a 'java/security/PrivilegedActionException'> (0x00000000eba035d8) thrown at [/HUDSON/workspace/8-2-build-linux-amd64/jdk8u60/4407/hotspot/src/share/vm/prims/jvm.cpp, line 1386]
Event: 4.767 Thread 0x00007efbf000a800 Exception <a 'java/security/PrivilegedActionException'> (0x00000000eba039d0) thrown at [/HUDSON/workspace/8-2-build-linux-amd64/jdk8u60/4407/hotspot/src/share/vm/prims/jvm.cpp, line 1386]

Events (10 events):
Event: 5.906 Thread 0x00007efbf000a800 DEOPT PACKING pc=0x00007efbe16953c6 sp=0x00007efbf7fd8390
Event: 5.906 Thread 0x00007efbf000a800 DEOPT UNPACKING pc=0x00007efbe1047233 sp=0x00007efbf7fd80d0 mode 0
Event: 5.911 Thread 0x00007efbf000a800 DEOPT PACKING pc=0x00007efbe16953c6 sp=0x00007efbf7fd8390
Event: 5.911 Thread 0x00007efbf000a800 DEOPT UNPACKING pc=0x00007efbe1047233 sp=0x00007efbf7fd80d0 mode 0
Event: 5.923 Thread 0x00007efbf000a800 DEOPT PACKING pc=0x00007efbe16c0899 sp=0x00007efbf7fd84c0
Event: 5.923 Thread 0x00007efbf000a800 DEOPT UNPACKING pc=0x00007efbe1047233 sp=0x00007efbf7fd8260 mode 0
Event: 5.937 Thread 0x00007efbf000a800 Uncommon trap: trap_request=0xffffff65 fr.pc=0x00007efbe16eabbc
Event: 5.937 Thread 0x00007efbf000a800 DEOPT PACKING pc=0x00007efbe16eabbc sp=0x00007efbf7fd8530
Event: 5.937 Thread 0x00007efbf000a800 DEOPT UNPACKING pc=0x00007efbe1005229 sp=0x00007efbf7fd84e8 mode 2
Event: 9.284 Executing VM operation: ParallelGCFailedAllocation


Dynamic libraries:
00400000-00401000 r-xp 00000000 08:07 10237519                           /usr/lib/jvm/java-8-oracle/bin/java
00600000-00601000 rw-p 00000000 08:07 10237519                           /usr/lib/jvm/java-8-oracle/bin/java
02601000-02622000 rw-p 00000000 00:00 0                                  [heap]
c0000000-c2c00000 rw-p 00000000 00:00 0 
c2c00000-eab00000 ---p 00000000 00:00 0 
eab00000-ee700000 rw-p 00000000 00:00 0 
f2900000-100000000 ---p 00000000 00:00 0 
100000000-1000e0000 rw-p 00000000 00:00 0 
1000e0000-140000000 ---p 00000000 00:00 0 
7efba4000000-7efba4021000 rw-p 00000000 00:00 0 
7efba4021000-7efba8000000 ---p 00000000 00:00 0 
7efba8000000-7efba8021000 rw-p 00000000 00:00 0 
7efba8021000-7efbac000000 ---p 00000000 00:00 0 
7efbac000000-7efbac537000 rw-p 00000000 00:00 0 
7efbac537000-7efbb0000000 ---p 00000000 00:00 0 
7efbb0000000-7efbb0706000 rw-p 00000000 00:00 0 
7efbb0706000-7efbb4000000 ---p 00000000 00:00 0 
7efbb4000000-7efbb4021000 rw-p 00000000 00:00 0 
7efbb4021000-7efbb8000000 ---p 00000000 00:00 0 
7efbb8000000-7efbb8d68000 rw-p 00000000 00:00 0 
7efbb8d68000-7efbbc000000 ---p 00000000 00:00 0 
7efbbc000000-7efbbc021000 rw-p 00000000 00:00 0 
7efbbc021000-7efbc0000000 ---p 00000000 00:00 0 
7efbc0000000-7efbc0021000 rw-p 00000000 00:00 0 
7efbc0021000-7efbc4000000 ---p 00000000 00:00 0 
7efbc4000000-7efbc4021000 rw-p 00000000 00:00 0 
7efbc4021000-7efbc8000000 ---p 00000000 00:00 0 
7efbc8000000-7efbc828c000 rw-p 00000000 00:00 0 
7efbc828c000-7efbcc000000 ---p 00000000 00:00 0 
7efbcc000000-7efbcc021000 rw-p 00000000 00:00 0 
7efbcc021000-7efbd0000000 ---p 00000000 00:00 0 
7efbd4000000-7efbd4021000 rw-p 00000000 00:00 0 
7efbd4021000-7efbd8000000 ---p 00000000 00:00 0 
7efbd880d000-7efbd880e000 ---p 00000000 00:00 0 
7efbd880e000-7efbd890e000 rw-p 00000000 00:00 0                          [stack:10670]
7efbd890e000-7efbd8911000 ---p 00000000 00:00 0 
7efbd8911000-7efbd8a0f000 rw-p 00000000 00:00 0                          [stack:10669]
7efbd8a0f000-7efbd8a12000 ---p 00000000 00:00 0 
7efbd8a12000-7efbd8b10000 rw-p 00000000 00:00 0                          [stack:10668]
7efbd8b10000-7efbd8b13000 ---p 00000000 00:00 0 
7efbd8b13000-7efbd8c11000 rw-p 00000000 00:00 0                          [stack:10667]
7efbd8c11000-7efbd8c14000 ---p 00000000 00:00 0 
7efbd8c14000-7efbd8d12000 rw-p 00000000 00:00 0                          [stack:10666]
7efbd8d12000-7efbd8d15000 ---p 00000000 00:00 0 
7efbd8d15000-7efbd8e13000 rw-p 00000000 00:00 0                          [stack:10665]
7efbd8e13000-7efbd94f5000 r--p 00000000 08:07 10099327                   /usr/lib/locale/locale-archive
7efbd94f5000-7efbd94f8000 ---p 00000000 00:00 0 
7efbd94f8000-7efbd95f6000 rw-p 00000000 00:00 0                          [stack:10664]
7efbd95f6000-7efbd95f9000 ---p 00000000 00:00 0 
7efbd95f9000-7efbd96f7000 rw-p 00000000 00:00 0                          [stack:10663]
7efbd96f7000-7efbd96f8000 ---p 00000000 00:00 0 
7efbd96f8000-7efbdc000000 rw-p 00000000 00:00 0                          [stack:10662]
7efbdc000000-7efbdc021000 rw-p 00000000 00:00 0 
7efbdc021000-7efbe0000000 ---p 00000000 00:00 0 
7efbe00f9000-7efbe0f00000 rw-p 00000000 00:00 0 
7efbe0f00000-7efbe1000000 ---p 00000000 00:00 0 
7efbe1000000-7efbe1720000 rwxp 00000000 00:00 0 
7efbe1720000-7efbf0000000 ---p 00000000 00:00 0 
7efbf0000000-7efbf038f000 rw-p 00000000 00:00 0 
7efbf038f000-7efbf4000000 ---p 00000000 00:00 0 
7efbf4048000-7efbf4057000 r--s 000dd000 08:07 9832282                    /home/sreemoyee/Android/Sdk/build-tools/22.0.1/lib/dx.jar
7efbf4057000-7efbf40fc000 rw-p 00000000 00:00 0 
7efbf40fc000-7efbf42d4000 r--s 03d17000 08:07 10231628                   /usr/lib/jvm/java-8-oracle/jre/lib/rt.jar
7efbf42d4000-7efbf454a000 rw-p 00000000 00:00 0 
7efbf454a000-7efbf454b000 ---p 00000000 00:00 0 
7efbf454b000-7efbf464b000 rw-p 00000000 00:00 0                          [stack:10661]
7efbf464b000-7efbf464c000 ---p 00000000 00:00 0 
7efbf464c000-7efbf474c000 rw-p 00000000 00:00 0                          [stack:10660]
7efbf474c000-7efbf474d000 ---p 00000000 00:00 0 
7efbf474d000-7efbf484d000 rw-p 00000000 00:00 0                          [stack:10659]
7efbf484d000-7efbf484e000 ---p 00000000 00:00 0 
7efbf484e000-7efbf4964000 rw-p 00000000 00:00 0                          [stack:10658]
7efbf4964000-7efbf4aa4000 ---p 00000000 00:00 0 
7efbf4aa4000-7efbf4aba000 rw-p 00000000 00:00 0 
7efbf4aba000-7efbf4bf9000 ---p 00000000 00:00 0 
7efbf4bf9000-7efbf4c18000 rw-p 00000000 00:00 0 
7efbf4c18000-7efbf4ca4000 ---p 00000000 00:00 0 
7efbf4ca4000-7efbf4cc2000 rw-p 00000000 00:00 0 
7efbf4cc2000-7efbf5065000 ---p 00000000 00:00 0 
7efbf5065000-7efbf507f000 r-xp 00000000 08:07 10236033                   /usr/lib/jvm/java-8-oracle/jre/lib/amd64/libzip.so
7efbf507f000-7efbf527f000 ---p 0001a000 08:07 10236033                   /usr/lib/jvm/java-8-oracle/jre/lib/amd64/libzip.so
7efbf527f000-7efbf5280000 rw-p 0001a000 08:07 10236033                   /usr/lib/jvm/java-8-oracle/jre/lib/amd64/libzip.so
7efbf5280000-7efbf528b000 r-xp 00000000 08:07 13111642                   /lib/x86_64-linux-gnu/libnss_files-2.19.so
7efbf528b000-7efbf548a000 ---p 0000b000 08:07 13111642                   /lib/x86_64-linux-gnu/libnss_files-2.19.so
7efbf548a000-7efbf548b000 r--p 0000a000 08:07 13111642                   /lib/x86_64-linux-gnu/libnss_files-2.19.so
7efbf548b000-7efbf548c000 rw-p 0000b000 08:07 13111642                   /lib/x86_64-linux-gnu/libnss_files-2.19.so
7efbf548c000-7efbf5497000 r-xp 00000000 08:07 13111662                   /lib/x86_64-linux-gnu/libnss_nis-2.19.so
7efbf5497000-7efbf5696000 ---p 0000b000 08:07 13111662                   /lib/x86_64-linux-gnu/libnss_nis-2.19.so
7efbf5696000-7efbf5697000 r--p 0000a000 08:07 13111662                   /lib/x86_64-linux-gnu/libnss_nis-2.19.so
7efbf5697000-7efbf5698000 rw-p 0000b000 08:07 13111662                   /lib/x86_64-linux-gnu/libnss_nis-2.19.so
7efbf5698000-7efbf56af000 r-xp 00000000 08:07 13111651                   /lib/x86_64-linux-gnu/libnsl-2.19.so
7efbf56af000-7efbf58ae000 ---p 00017000 08:07 13111651                   /lib/x86_64-linux-gnu/libnsl-2.19.so
7efbf58ae000-7efbf58af000 r--p 00016000 08:07 13111651                   /lib/x86_64-linux-gnu/libnsl-2.19.so
7efbf58af000-7efbf58b0000 rw-p 00017000 08:07 13111651                   /lib/x86_64-linux-gnu/libnsl-2.19.so
7efbf58b0000-7efbf58b2000 rw-p 00000000 00:00 0 
7efbf58b2000-7efbf58bb000 r-xp 00000000 08:07 13111650                   /lib/x86_64-linux-gnu/libnss_compat-2.19.so
7efbf58bb000-7efbf5aba000 ---p 00009000 08:07 13111650                   /lib/x86_64-linux-gnu/libnss_compat-2.19.so
7efbf5aba000-7efbf5abb000 r--p 00008000 08:07 13111650                   /lib/x86_64-linux-gnu/libnss_compat-2.19.so
7efbf5abb000-7efbf5abc000 rw-p 00009000 08:07 13111650                   /lib/x86_64-linux-gnu/libnss_compat-2.19.so
7efbf5abc000-7efbf5ae6000 r-xp 00000000 08:07 10236020                   /usr/lib/jvm/java-8-oracle/jre/lib/amd64/libjava.so
7efbf5ae6000-7efbf5ce6000 ---p 0002a000 08:07 10236020                   /usr/lib/jvm/java-8-oracle/jre/lib/amd64/libjava.so
7efbf5ce6000-7efbf5ce8000 rw-p 0002a000 08:07 10236020                   /usr/lib/jvm/java-8-oracle/jre/lib/amd64/libjava.so
7efbf5ce8000-7efbf5cf5000 r-xp 00000000 08:07 10236013                   /usr/lib/jvm/java-8-oracle/jre/lib/amd64/libverify.so
7efbf5cf5000-7efbf5ef5000 ---p 0000d000 08:07 10236013                   /usr/lib/jvm/java-8-oracle/jre/lib/amd64/libverify.so
7efbf5ef5000-7efbf5ef7000 rw-p 0000d000 08:07 10236013                   /usr/lib/jvm/java-8-oracle/jre/lib/amd64/libverify.so
7efbf5ef7000-7efbf5efe000 r-xp 00000000 08:07 13111659                   /lib/x86_64-linux-gnu/librt-2.19.so
7efbf5efe000-7efbf60fd000 ---p 00007000 08:07 13111659                   /lib/x86_64-linux-gnu/librt-2.19.so
7efbf60fd000-7efbf60fe000 r--p 00006000 08:07 13111659                   /lib/x86_64-linux-gnu/librt-2.19.so
7efbf60fe000-7efbf60ff000 rw-p 00007000 08:07 13111659                   /lib/x86_64-linux-gnu/librt-2.19.so
7efbf60ff000-7efbf6204000 r-xp 00000000 08:07 13111641                   /lib/x86_64-linux-gnu/libm-2.19.so
7efbf6204000-7efbf6403000 ---p 00105000 08:07 13111641                   /lib/x86_64-linux-gnu/libm-2.19.so
7efbf6403000-7efbf6404000 r--p 00104000 08:07 13111641                   /lib/x86_64-linux-gnu/libm-2.19.so
7efbf6404000-7efbf6405000 rw-p 00105000 08:07 13111641                   /lib/x86_64-linux-gnu/libm-2.19.so
7efbf6405000-7efbf70c3000 r-xp 00000000 08:07 10236059                   /usr/lib/jvm/java-8-oracle/jre/lib/amd64/server/libjvm.so
7efbf70c3000-7efbf72c2000 ---p 00cbe000 08:07 10236059                   /usr/lib/jvm/java-8-oracle/jre/lib/amd64/server/libjvm.so
7efbf72c2000-7efbf739a000 rw-p 00cbd000 08:07 10236059                   /usr/lib/jvm/java-8-oracle/jre/lib/amd64/server/libjvm.so
7efbf739a000-7efbf73df000 rw-p 00000000 00:00 0 
7efbf73df000-7efbf759a000 r-xp 00000000 08:07 13111656                   /lib/x86_64-linux-gnu/libc-2.19.so
7efbf759a000-7efbf7799000 ---p 001bb000 08:07 13111656                   /lib/x86_64-linux-gnu/libc-2.19.so
7efbf7799000-7efbf779d000 r--p 001ba000 08:07 13111656                   /lib/x86_64-linux-gnu/libc-2.19.so
7efbf779d000-7efbf779f000 rw-p 001be000 08:07 13111656                   /lib/x86_64-linux-gnu/libc-2.19.so
7efbf779f000-7efbf77a4000 rw-p 00000000 00:00 0 
7efbf77a4000-7efbf77a7000 r-xp 00000000 08:07 13111645                   /lib/x86_64-linux-gnu/libdl-2.19.so
7efbf77a7000-7efbf79a6000 ---p 00003000 08:07 13111645                   /lib/x86_64-linux-gnu/libdl-2.19.so
7efbf79a6000-7efbf79a7000 r--p 00002000 08:07 13111645                   /lib/x86_64-linux-gnu/libdl-2.19.so
7efbf79a7000-7efbf79a8000 rw-p 00003000 08:07 13111645                   /lib/x86_64-linux-gnu/libdl-2.19.so
7efbf79a8000-7efbf79bd000 r-xp 00000000 08:07 10237657                   /usr/lib/jvm/java-8-oracle/lib/amd64/jli/libjli.so
7efbf79bd000-7efbf7bbd000 ---p 00015000 08:07 10237657                   /usr/lib/jvm/java-8-oracle/lib/amd64/jli/libjli.so
7efbf7bbd000-7efbf7bbe000 rw-p 00015000 08:07 10237657                   /usr/lib/jvm/java-8-oracle/lib/amd64/jli/libjli.so
7efbf7bbe000-7efbf7bd7000 r-xp 00000000 08:07 13111657                   /lib/x86_64-linux-gnu/libpthread-2.19.so
7efbf7bd7000-7efbf7dd6000 ---p 00019000 08:07 13111657                   /lib/x86_64-linux-gnu/libpthread-2.19.so
7efbf7dd6000-7efbf7dd7000 r--p 00018000 08:07 13111657                   /lib/x86_64-linux-gnu/libpthread-2.19.so
7efbf7dd7000-7efbf7dd8000 rw-p 00019000 08:07 13111657                   /lib/x86_64-linux-gnu/libpthread-2.19.so
7efbf7dd8000-7efbf7ddc000 rw-p 00000000 00:00 0 
7efbf7ddc000-7efbf7dff000 r-xp 00000000 08:07 13111653                   /lib/x86_64-linux-gnu/ld-2.19.so
7efbf7e02000-7efbf7e03000 rw-p 00000000 00:00 0 
7efbf7e03000-7efbf7e07000 r--s 00095000 08:07 10237429                   /usr/lib/jvm/java-8-oracle/jre/lib/jsse.jar
7efbf7e07000-7efbf7ed9000 rw-p 00000000 00:00 0 
7efbf7ed9000-7efbf7edc000 ---p 00000000 00:00 0 
7efbf7edc000-7efbf7ff2000 rw-p 00000000 00:00 0                          [stack:10657]
7efbf7ff2000-7efbf7ffa000 rw-s 00000000 08:07 9703425                    /tmp/hsperfdata_sreemoyee/10651
7efbf7ffa000-7efbf7ffb000 rw-p 00000000 00:00 0 
7efbf7ffb000-7efbf7ffc000 ---p 00000000 00:00 0 
7efbf7ffc000-7efbf7ffe000 rw-p 00000000 00:00 0 
7efbf7ffe000-7efbf7fff000 r--p 00022000 08:07 13111653                   /lib/x86_64-linux-gnu/ld-2.19.so
7efbf7fff000-7efbf8000000 rw-p 00023000 08:07 13111653                   /lib/x86_64-linux-gnu/ld-2.19.so
7efbf8000000-7efbf8001000 rw-p 00000000 00:00 0 
7ffbfffdc000-7ffbffffe000 rw-p 00000000 00:00 0                          [stack]
7ffbffffe000-7ffc00000000 r-xp 00000000 00:00 0                          [vdso]
ffffffffff600000-ffffffffff601000 r-xp 00000000 00:00 0                  [vsyscall]

VM Arguments:
jvm_args: -Xmx1024M -Dfile.encoding=UTF-8 -Duser.country=IN -Duser.language=en -Duser.variant 
java_command: com.android.dx.command.Main --dex --output /home/sreemoyee/AndroidStudioProjects/Movie/app/build/intermediates/dex/debug /home/sreemoyee/AndroidStudioProjects/Movie/app/build/intermediates/classes/debug /home/sreemoyee/AndroidStudioProjects/Movie/app/build/intermediates/pre-dexed/debug/support-annotations-22.2.0-eefa1963383eaa088b1d3cef9bd19ca63a6e9181.jar /home/sreemoyee/AndroidStudioProjects/Movie/app/build/intermediates/pre-dexed/debug/gson-2.2.4-6e64ece576f69fde8ad53f6f91391ba3092a0a47.jar /home/sreemoyee/AndroidStudioProjects/Movie/app/build/intermediates/pre-dexed/debug/internal_impl-22.2.0-e1be1779a4b61d0933aae845af8b42b2a1baea9a.jar /home/sreemoyee/AndroidStudioProjects/Movie/app/build/intermediates/pre-dexed/debug/glide-3.5.2-670212e5d99a69527488e03f359db6de871dda4a.jar /home/sreemoyee/AndroidStudioProjects/Movie/app/build/intermediates/pre-dexed/debug/classes-78ec1f8982fa18eee22ebc16435a704959b3a59a.jar /home/sreemoyee/AndroidStudioProjects/Movie/app/build/intermediates/pre-dexed/debug/classes-9ff8e5b7c0e9c6b5a03391a37b8aa70cd6b8ca9e.jar
java_class_path (initial): /home/sreemoyee/Android/Sdk/build-tools/22.0.1/lib/dx.jar
Launcher Type: SUN_STANDARD

Environment Variables:
PATH=/usr/local/sbin:/usr/local/bin:/usr/sbin:/usr/bin:/sbin:/bin:/usr/games:/usr/local/games:/usr/bin
LD_LIBRARY_PATH=.:/usr/lib32
SHELL=/bin/bash
DISPLAY=:0

Signal Handlers:
SIGSEGV: [libjvm.so+0xaba070], sa_mask[0]=11111111011111111101111111111110, sa_flags=SA_RESTART|SA_SIGINFO
SIGBUS: [libjvm.so+0xaba070], sa_mask[0]=11111111011111111101111111111110, sa_flags=SA_RESTART|SA_SIGINFO
SIGFPE: [libjvm.so+0x917630], sa_mask[0]=11111111011111111101111111111110, sa_flags=SA_RESTART|SA_SIGINFO
SIGPIPE: [libjvm.so+0x917630], sa_mask[0]=11111111011111111101111111111110, sa_flags=SA_RESTART|SA_SIGINFO
SIGXFSZ: [libjvm.so+0x917630], sa_mask[0]=11111111011111111101111111111110, sa_flags=SA_RESTART|SA_SIGINFO
SIGILL: [libjvm.so+0x917630], sa_mask[0]=11111111011111111101111111111110, sa_flags=SA_RESTART|SA_SIGINFO
SIGUSR1: SIG_DFL, sa_mask[0]=00000000000000000000000000000000, sa_flags=none
SIGUSR2: [libjvm.so+0x918c60], sa_mask[0]=00100000000000000000000000000000, sa_flags=SA_RESTART|SA_SIGINFO
SIGHUP: [libjvm.so+0x91a060], sa_mask[0]=11111111011111111101111111111110, sa_flags=SA_RESTART|SA_SIGINFO
SIGINT: [libjvm.so+0x91a060], sa_mask[0]=11111111011111111101111111111110, sa_flags=SA_RESTART|SA_SIGINFO
SIGTERM: [libjvm.so+0x91a060], sa_mask[0]=11111111011111111101111111111110, sa_flags=SA_RESTART|SA_SIGINFO
SIGQUIT: [libjvm.so+0x91a060], sa_mask[0]=11111111011111111101111111111110, sa_flags=SA_RESTART|SA_SIGINFO


---------------  S Y S T E M  ---------------

OS:DISTRIB_ID=Ubuntu
DISTRIB_RELEASE=14.04
DISTRIB_CODENAME=trusty
DISTRIB_DESCRIPTION="Ubuntu 14.04.3 LTS"

uname:Linux 3.13.0-62-generic #102-Ubuntu SMP Tue Aug 11 14:29:36 UTC 2015 x86_64
libc:glibc 2.19 NPTL 2.19 
rlimit: STACK 8192k, CORE 0k, NPROC 26620, NOFILE 4096, AS infinity
load average:7.22 2.11 1.25

/proc/meminfo:
MemTotal:        3476016 kB
MemFree:          101896 kB
Buffers:             324 kB
Cached:            23004 kB
SwapCached:            0 kB
Active:          2956188 kB
Inactive:          20532 kB
Active(anon):    2954988 kB
Inactive(anon):     6624 kB
Active(file):       1200 kB
Inactive(file):    13908 kB
Unevictable:          32 kB
Mlocked:              32 kB
SwapTotal:             0 kB
SwapFree:              0 kB
Dirty:                56 kB
Writeback:             0 kB
AnonPages:       2953576 kB
Mapped:           129240 kB
Shmem:              8072 kB
Slab:              58964 kB
SReclaimable:      21248 kB
SUnreclaim:        37716 kB
KernelStack:        3912 kB
PageTables:        28532 kB
NFS_Unstable:          0 kB
Bounce:                0 kB
WritebackTmp:          0 kB
CommitLimit:     1738008 kB
Committed_AS:    5184576 kB
VmallocTotal:   34359738367 kB
VmallocUsed:      142092 kB
VmallocChunk:   34359565928 kB
HardwareCorrupted:     0 kB
AnonHugePages:   1705984 kB
HugePages_Total:       0
HugePages_Free:        0
HugePages_Rsvd:        0
HugePages_Surp:        0
Hugepagesize:       2048 kB
DirectMap4k:      194012 kB
DirectMap2M:     3420160 kB
DirectMap1G:           0 kB


CPU:total 4 (4 cores per cpu, 1 threads per core) family 22 model 48 stepping 1, cmov, cx8, fxsr, mmx, sse, sse2, sse3, ssse3, sse4.1, sse4.2, popcnt, avx, aes, clmul, mmxext, 3dnowpref, lzcnt, sse4a, tsc, tscinvbit, tscinv, bmi1

/proc/cpuinfo:
processor	: 0
vendor_id	: AuthenticAMD
cpu family	: 22
model		: 48
model name	: AMD A8-6410 APU with AMD Radeon R5 Graphics
stepping	: 1
microcode	: 0x7030104
cpu MHz		: 1000.000
cache size	: 2048 KB
physical id	: 0
siblings	: 4
core id		: 0
cpu cores	: 4
apicid		: 0
initial apicid	: 0
fpu		: yes
fpu_exception	: yes
cpuid level	: 13
wp		: yes
flags		: fpu vme de pse tsc msr pae mce cx8 apic sep mtrr pge mca cmov pat pse36 clflush mmx fxsr sse sse2 ht syscall nx mmxext fxsr_opt pdpe1gb rdtscp lm constant_tsc rep_good nopl nonstop_tsc extd_apicid aperfmperf eagerfpu pni pclmulqdq monitor ssse3 cx16 sse4_1 sse4_2 movbe popcnt aes xsave avx f16c rdrand lahf_lm cmp_legacy svm extapic cr8_legacy abm sse4a misalignsse 3dnowprefetch osvw ibs skinit wdt topoext perfctr_nb perfctr_l2 arat cpb xsaveopt hw_pstate npt lbrv svm_lock nrip_save tsc_scale flushbyasid decodeassists pausefilter pfthreshold vmmcall bmi1
bogomips	: 3992.22
TLB size	: 1024 4K pages
clflush size	: 64
cache_alignment	: 64
address sizes	: 40 bits physical, 48 bits virtual
power management: ts ttp tm 100mhzsteps hwpstate cpb [12] [13]

processor	: 1
vendor_id	: AuthenticAMD
cpu family	: 22
model		: 48
model name	: AMD A8-6410 APU with AMD Radeon R5 Graphics    
stepping	: 1
microcode	: 0x7030104
cpu MHz		: 1000.000
cache size	: 2048 KB
physical id	: 0
siblings	: 4
core id		: 1
cpu cores	: 4
apicid		: 1
initial apicid	: 1
fpu		: yes
fpu_exception	: yes
cpuid level	: 13
wp		: yes
flags		: fpu vme de pse tsc msr pae mce cx8 apic sep mtrr pge mca cmov pat pse36 clflush mmx fxsr sse sse2 ht syscall nx mmxext fxsr_opt pdpe1gb rdtscp lm constant_tsc rep_good nopl nonstop_tsc extd_apicid aperfmperf eagerfpu pni pclmulqdq monitor ssse3 cx16 sse4_1 sse4_2 movbe popcnt aes xsave avx f16c rdrand lahf_lm cmp_legacy svm extapic cr8_legacy abm sse4a misalignsse 3dnowprefetch osvw ibs skinit wdt topoext perfctr_nb perfctr_l2 arat cpb xsaveopt hw_pstate npt lbrv svm_lock nrip_save tsc_scale flushbyasid decodeassists pausefilter pfthreshold vmmcall bmi1
bogomips	: 3992.22
TLB size	: 1024 4K pages
clflush size	: 64
cache_alignment	: 64
address sizes	: 40 bits physical, 48 bits virtual
power management: ts ttp tm 100mhzsteps hwpstate cpb [12] [13]

processor	: 2
vendor_id	: AuthenticAMD
cpu family	: 22
model		: 48
model name	: AMD A8-6410 APU with AMD Radeon R5 Graphics    
stepping	: 1
microcode	: 0x7030104
cpu MHz		: 1000.000
cache size	: 2048 KB
physical id	: 0
siblings	: 4
core id		: 2
cpu cores	: 4
apicid		: 2
initial apicid	: 2
fpu		: yes
fpu_exception	: yes
cpuid level	: 13
wp		: yes
flags		: fpu vme de pse tsc msr pae mce cx8 apic sep mtrr pge mca cmov pat pse36 clflush mmx fxsr sse sse2 ht syscall nx mmxext fxsr_opt pdpe1gb rdtscp lm constant_tsc rep_good nopl nonstop_tsc extd_apicid aperfmperf eagerfpu pni pclmulqdq monitor ssse3 cx16 sse4_1 sse4_2 movbe popcnt aes xsave avx f16c rdrand lahf_lm cmp_legacy svm extapic cr8_legacy abm sse4a misalignsse 3dnowprefetch osvw ibs skinit wdt topoext perfctr_nb perfctr_l2 arat cpb xsaveopt hw_pstate npt lbrv svm_lock nrip_save tsc_scale flushbyasid decodeassists pausefilter pfthreshold vmmcall bmi1
bogomips	: 3992.22
TLB size	: 1024 4K pages
clflush size	: 64
cache_alignment	: 64
address sizes	: 40 bits physical, 48 bits virtual
power management: ts ttp tm 100mhzsteps hwpstate cpb [12] [13]

processor	: 3
vendor_id	: AuthenticAMD
cpu family	: 22
model		: 48
model name	: AMD A8-6410 APU with AMD Radeon R5 Graphics    
stepping	: 1
microcode	: 0x7030104
cpu MHz		: 1000.000
cache size	: 2048 KB
physical id	: 0
siblings	: 4
core id		: 3
cpu cores	: 4
apicid		: 3
initial apicid	: 3
fpu		: yes
fpu_exception	: yes
cpuid level	: 13
wp		: yes
flags		: fpu vme de pse tsc msr pae mce cx8 apic sep mtrr pge mca cmov pat pse36 clflush mmx fxsr sse sse2 ht syscall nx mmxext fxsr_opt pdpe1gb rdtscp lm constant_tsc rep_good nopl nonstop_tsc extd_apicid aperfmperf eagerfpu pni pclmulqdq monitor ssse3 cx16 sse4_1 sse4_2 movbe popcnt aes xsave avx f16c rdrand lahf_lm cmp_legacy svm extapic cr8_legacy abm sse4a misalignsse 3dnowprefetch osvw ibs skinit wdt topoext perfctr_nb perfctr_l2 arat cpb xsaveopt hw_pstate npt lbrv svm_lock nrip_save tsc_scale flushbyasid decodeassists pausefilter pfthreshold vmmcall bmi1
bogomips	: 3992.22
TLB size	: 1024 4K pages
clflush size	: 64
cache_alignment	: 64
address sizes	: 40 bits physical, 48 bits virtual
power management: ts ttp tm 100mhzsteps hwpstate cpb [12] [13]



Memory: 4k page, physical 3476016k(101896k free), swap 0k(0k free)

vm_info: Java HotSpot(TM) 64-Bit Server VM (25.60-b23) for linux-amd64 JRE (1.8.0_60-b27), built on Aug  4 2015 12:19:40 by "java_re" with gcc 4.3.0 20080428 (Red Hat 4.3.0-8)

time: Mon Aug 31 17:24:39 2015
elapsed time: 35 seconds (0d 0h 0m 35s)

